2023-02-17 06:30:55 PM|DEBUG|3045|GOLANG-001-001|btTag=12
2023-02-17 06:30:55 PM|DEBUG|3045|GOLANG-001-001|eventId2=531, eventId4=531
2023-02-17 06:35:12 PM|DEBUG|3046|GOLANG-001-002|btTag=10
2023-02-17 06:35:12 PM|DEBUG|3046|GOLANG-001-002|eventId2=1174, eventId4=1174
2023-02-17 06:35:12 PM|DEBUG|3046|GOLANG-001-002|cputime=
2023-02-17 06:39:31 PM|DEBUG|3047|GOLANG-001-003|btTag=10
2023-02-17 06:39:31 PM|DEBUG|3047|GOLANG-001-003|eventId2=1904, eventId4=1904
2023-02-17 06:39:31 PM|DEBUG|3047|GOLANG-001-003|cputime=247049
2023-02-17 06:43:53 PM|DEBUG|3048|GOLANG-001-004|btTag=10
2023-02-17 06:43:53 PM|DEBUG|3048|GOLANG-001-004|eventId2=2369, eventId4=2369
2023-02-17 06:43:53 PM|DEBUG|3048|GOLANG-001-004|cputime=
2023-02-17 06:48:09 PM|DEBUG|3049|GOLANG-001-005|btTag=12
2023-02-17 06:48:09 PM|DEBUG|3049|GOLANG-001-005|eventId2=2883, eventId4=2883
2023-02-17 06:48:09 PM|DEBUG|3049|GOLANG-001-005|cputime=757502
2023-02-17 06:52:33 PM|DEBUG|3050|GOLANG-001-006|eventId2=2874, eventId4=2874
2023-02-17 06:52:33 PM|DEBUG|3050|GOLANG-001-006|[200 200 200 200 200 200 200 200 200 200 200 200 200 200 200 200 200 200 200 200 200 200 200 200 200 200 200 200 200 200 200 200 200 200 200 200 200 200 200 200 200 200 200 200 200 200 200 200 200 200 200 200 200 200 200 200 200 200 200 200 200 200 200 200 200 200 200 200 200 200 200 200 200 200 200 200 200 200 200 200 200 200 200 200 200 200 200 200 200 200 200 200 200 200 200 200 200 200 200 200 200 200 200 200 200 200 200 200 200 200 200 200 200 200 200 200 200 200 200 200 200 200 200 200 200 200 200 200 200 200 200 200 200 200 200 200 200 200 200 200 200 200 200 200 200 200 200 200 200 200 200 200 200 200 200 200 200 200 200 200 200 200 200 200 200 200 200 200 200 200 200 200 200 200 200 200 200 200 200 200 200 200 200 200 200 200 200 200 200 200 200 200 200 200 200 200 200 200 200 200 200 200 200 200 200 200 200 200 200 200 200 200 200 200 200 200 200 200 200 200 200 200 200 200 200 200 200 200 200 200 200 200 200 200 200 200 200 200 200 200 200 200 200 200 200 200 200 200 200 200 200 200 200 200 200 200 200 200 200 200 200 200 200 200 200 200 200 200 200 200 200 200 200 200 200 200 200 200 200 200 200 200 200 200 200 200 200 200 200 200 200 200 200 200 200 200 200 200 200 200 200 200 200 200 200 200 204 204 204 200 200 204 204 204 204 204 204 204 204 204 200 200 204 204 204 200 200 200 200 204 204 204 200 200 200 200 200 200 200 200 200 200 200 200 200 200 200 200 200 204 204 204 200 204 204 204 204 204 204 204 204 204 204 204 204 200 200 200 200 200 200 200 200 200 200 200 200 200 200 200 200 200 200 200 200 200 200 200 200 200 200 204 204 204 204 204 204 204 204 204 200 200 200 200 200 200 200 200 204 204 204 200 200 200 200 200 200 200 200 200 200 200 200 200 200 200 200 200 200 200 200 200 200 200 200 204 204 204 204 204 204 204 204 204 204 204 204 204 204 204 204 204 204 200 200 200 200 200 200 200 200 200 200 200 200 200 200 200 200 200 200 204 204 204 204 204 204 200 200 200 200 200 200 200 200 200 200 200 200 200 200 200 200 200 200 200 200 200 200 200 200 200 200 200 200 200 200 200 200 200 200 204 204 204 200 200 200 200 200 200 200 200 200 200 200 200 200 200 200 200 200 200 200 200 200 200 204 204 204 204 204 204 204 204 204 200 200 200 200 200 200 200 200 200 200 200 200 200 200 200 200 200 200 200 200 200 200 200 200 200 200 200 200 200 200 200 200 200 200 200 200 200 200 204 204 204 204 204 204 200 200 200 200 200 200 200 200 200 200 200 200 200 200 200 200 200 200 200 204 204 204 200 200 200 204 204 204 204 204 204 204 204 204 204 204 204 200 200 200 200 204 204 204 204 204 204 204 204 204 204 204 204 204 204 204 204 204 204 204 204 204 204 204 204 200 200 200 200 200 200 200 200 200 200 200 204 204 204 200 200 200 200 200 200 200 200 200 200 200 200 200 200 200 200 200 200 200 200 200 200 200 200 200 200 204 204 204 200 200 204 204 204 200 200 200 200 200 200 200 200 204 204 204 200 200 200 200 200 200 200 200 204 204 204 200 200 200 200 204 204 204 200 200 200 200 200 200 200 200 200 200 200 200 200 200 200 200 204 200 204 200 200 204 200 200 200 200 200 200 200 200 204 204 200 200 200 204 200 200 200 200 200 200 200 200 200 200 200 200 200 200 200 200 200 200 200 200 200 200 200 200 200 200 200 200 200 200 200 200 200 200 200 200 200 200 200 200 200 200 200 200 200 200 200 200 200 200 200 200 200 200 200 200 200 200 200 204 204 204 200 200 200 200 200 200 200 200 200 200 200 200 200 200 200 200 200 200 200 200 200 200 200 200 200 200 200 200 200 200 200 200 200 200 200 200 200 200 200 200 200 200 200 200 200 200 200 200 200 200 200 200 200 200 200 200 200 200 200 200 200 200 200 200 200 200 200 200 200 200 200 200 200 200 200 200 200 200 200 200 200 200 200 200 200 200 200 200 200 200 200 200 200 200 200 200 200 200 200 200 200 200 200 200 200 200 200 200 200 200 200 200 200 200 200 200 200 200 200 200 200 200 200 200 200 200 200 200 200 200 200 200 200 200 200 200 200 200 200 200 200 200 200 200 200 200 200 200 200 200 200 200 200 200 200 200 200 200 200 200 200 200 200 200 200 200 200 200 200 200 200 200 200 200 200 200 200 200 200 200 200 200 200 200 200 200 200 200 200 200 200 200 200 200 200 200 200 200 200 200 200 200 200 200 200 200 200 200 200 200 200 200 200 200 200 200 200 200 200 200 200 200 200 200 200 200 200 200 200 200 200 200 200 200 200 200 200 200 200 200 200 200 200 200 200 200 200 200 200 200 200 200 200 200 200 200 200 200 200 200 200 200 200 200 200 200 200 200 200 200 200 200 200 200 200 200 200 200 200 200 200 200 200 200 200 200 200 200 200 200 200 200 200 200 200 200 200 200 200 200 200 200 200 200 200 200 200 200 200 200 200 200 200 200 200 200 200 200 200 200 200 200 200 200 200 200 200 200 200 200 200 200 200 200 200 200 200 200 200 200 200 200 200 200 200 200 200 200 200 200 200 200 200 200 200 200 200 200 200 200 200 200 200 200 200 200 200 200 200 200 200 200 200 200 200 200 200 200 200 200 200 200 200 200 200 200 200 200 200 200 200 200 200 200 200 200 200 200 200 200 200 200 200 200 200 200 200 200 200 200 200 200 200 200 200 200 200 200 200 200 200 200 200 200 200 200 200 200 200 200 200 200 200 200 200 200 200 200 200 200 200 200 200 200 200 200 200 200 200 200 200 200 200 200 200 200 200 200 200 200 200 200 200 200 200 200 200 200 200 200 200 200 200 200 200 200 200 200 200 200 200 200 200 200 200 200 200 200 200 200 200 200 200 200 200 200 200 200 200 200 200 200 200 200 200 200 200 200 200 200 200 200 200 200 200 200 200 200 200 200 200 200 200 200 200 200 200 200 200 200 200 200 200 200 200 200 200 200 200 200 200 200 200 200 200 200 200 200 200 200 200 200 200 200 200 200 200 200 200 200 200 200 200 200 200 200 200 200 200 200 200 200 200 200 200 200 200 200 200 200 200 200 200 200 200 200 200 200 200 200 200 200 200 200 200 200 200 200 200 200 200 200 200 200 200 200 200 200 200 200 200 200 200 200 200 200 200 200 200 200 200 200 200 200 200 200 200 200 200 200 200 200 200 200 200 200 200 200 200 200 200 200 200 200 200 200 200 200 200 200 200 200 200 200 200 200 200 200 200 200 200 200 200 200 200 200 200 200 200 200 200 200 200 200 200 200 200 200 200 200 200 200 200 200 200 200 200 200 200 200 200 200 200 200 200 200 200 200 200 200 200 200 200 200 200 200 200 200 200 200 200 200 200 200 200 200 200 200 200 200 200 200 200 200 200 200 200 200 200 200 200 200 200 200 200 200 200 200 200 200 200 200 200 200 200 200 200 200 200 200 200 200 200 200 200 200 200 200 200 200 200 200 200 200 200 200 200 200 200 200 200 200 200 200 200 200 200 200 200 200 200 200 200 200 200 200 200 200 200 200 200 200 200 200 200 200 200 200 200 200 200 200 200 200 200 200 200 200 200 200 200 200 200 200 200 200 200 200 200 200 200 200 200 200 200 200 200 200 200 200 200 200 200 200 200 200 200 200 200 200 200 200 200 200 200 200 200 200 200 200 200 200 200 200 200 200 200 200 200 200 200 200 200 200 200 200 200 200 200 200 200 200 200 200 200 200 200 200 200 200 200 200 200 200 200 200 200 200 200 200 200 200 200 200 200 200 200 200 200 200 200 200 200 200 200 200 200 200 200 200 200 200 200 200 200 200 200 200 200 200 200 200 200 200 200 200 200 200 200 200 200 200 200 200 200 200 200 200 200 200 200 200 200 200 200 200 200 200 200 200 200 200 200 200 200 200 200 200 200 200 200 200 200 200 200 200 200 200 200 200 200 200 200 200 200 200 200 200 200 200 200 200 200 200 200 200 200 200 200 200 200 200 200 200 200 200 200 200 200 200 200 200 200 200 200 200 200 200 200 200 200 200 200 200 200 200 200 200 200 200 200 200 200 200 200 200 200 200 200 200 200 200 200 200 200 200 200 200 200 200 200 200 200 200 200 200 200 200 200 200 200 200 200 200 200 200 200 200 200 200 200 200 200 200 200 200 200 200 200 200 200 200 200 200 200 200 200 200 200 200 200 200 200 200 200 200 200 200 200 200 200 200 200 200 200 200 200 200 200 200 200 200 200 200 200 200 200 200 200 200 200 200 200 200 200 200 200 200 200 200 200 200 200 200 200 200 200 200 200 200 200 200 200 200 200 200 200 200 200 200 200 200 200 200 200 200 200 200 200 200 200 200 200 200 200 200 200 200 200 200 200 200 200 200 200 200 200 200 200 200 200 200 200 200 200 200 200 200 200 200 200 200 200 200 200 200 200 200 200 200 200 200 200 200 200 200 200 200 200 200 200 200 200 200 200 200 200 200 200 200 200 200 200 200 200 200 200 200 200 200 200 200 200 200 200 200 200 200 200 200 200 200 200 200 200 200 200 200 200 200 200 200 200 200 200 200 200 200 200 200 200 200 200 200 200 200 200 200 200 200 200 200 200 200 200 200 200 200 200 200 200 200 200 200 200 200 200 200 200 200 200 200 200 200 200 200 200 200 200 200 200 200 200 200 200 200 200 200 200 200 200 200 200 200 200 200 200 200 200 200 200 200 200 200 200 200 200 200 200 200 200 200 200 200 200 200 200 200 200 200 200 200 200 200 200 200 200 200 200 200 200 200 200 200 200 200 200 200 200 200 200 200 200 200 200 200 200 200 200 200 200 200 200 200 200 200 200 200 200 200 200 200 200 200 200 200 200 200 200 200 200 200 200 200 200 200 200 200 200 200 200 200 200 200 200 200 200 200 200 200 200 200 200 200 200 200 200 200 200 200 200 200 200 200 200 200 200 200 200 200 200 200 200 200 200 200 200 200 200 200 200 200 200 200 200 200 200 200 200 200 200 200 200 200 200 200 200 200 200 200 200 200 200 200 200 200 200 200 200 200 200 200 200 200 200 200 200 200 200 200 200 200 200 200 200 200 200 200 200 200 200 200 200 200 200 200 200 200 200 200 200 200 200 200 200 200 200 200 200 200 200 200 200 200 200 200 200 200 200 200 200 200 200 200 200 200 200 200 200 200 200 200 200 200 200 200 200 200 200 200 200 200 200 200 200 200 200 200 200 200 200 200 200 200 200 200 200 200 200 200 200 200 200 200 200 200 200 200 200 200 200 200 200 200 200 200 200 200 200 200 200 200 200 200 200 200 200 200 200 200 200 200 200 200 200 200 200 200 200 200 200 200 200 200 200 200 200 200 200 200 200 200 200 200 200 200 200 200 200 200 200 200 200 200 200 200 200 200 200 200 200 200 200 200 200 200 200 200 200 200 200 200 200 200 200 200 200 200 200 200 200 200 200 200 200 200 200 200 200 200 200 200 200 200 200 200 200 200 200 200 200 200 200 200 200 200 200 200 200 200 200 200 200 200 200 200 200 200 200 200 200 200 200 200 200 200 200 200 200 200 200 200 200 200 200 200 200 200 200 200 200 200 200 200 200 200 200 200 200 200 200 200 200 200 200 200 200 200 200 200 200 200 200 200 200 200 200 200 200 200 200 200 200 200 200 200 200 200 200 200 200 200 200 200 200 200 200 200 200 200 200 200 200 200 200 500 500 500 200 200 200 200 500 500 500 200 200 200 200 500 500 500 200 200 200 200 200 200 200 200 200 200 200 200 200 200 200 200 200 200 200 200 200 200 200 200 200 200 200 200 200 200 200 500 500 500 200 200 200 200 200 200 200 200 200 200 200 200 200 200 200 200 200 500 500 500 200 200 200 200 200 200 200 200 200 200 200 200 200 200 200 200 200 200 200 200 200 200 200 200 200 200 200 200 200 200 200 200 200 200 200 200 200 200 200 200 200 200 200 200 200 200 200 200 200 200 200 200 200 200 200 200 200 200 200 200 200 200 200 200 200 200 200 200 200 200 200 200 200 200 200 200 200 200 200 200 200 200 200 200 200 200 200 200 200 200 200 200 200 200 200 200 200 200 200 200 200 200 200 200 200 200 200 200 200 200 200 200 200 200 200 200 200 200 200 200 200 200 200 200 200 200 200 200 200 200 200 200 200 200 200 200 200 200 200 200 200 200 200 200 200 200 200 200 200 200 200 200 200 200 200 200 200 200 200 200 200 200 200 200 200 200 200 200 200 200 200 200 200 200 200 200 200 200 200 200 200 200 200 200 200 200 200 200 200 200 200 200 200 200 200 200 200 200 200 200 200 200 200 200 200 200 200 200 200 200 200 200 200 200 200 200 200 200 200]
2023-02-17 06:56:53 PM|DEBUG|3051|GOLANG-001-007|absTimeStampTest=1676640158, bciTimeStamp=8, absTimeInSecs=1388534408, diff=288105750
2023-02-17 07:00:31 PM|DEBUG|3052|GOLANG-001-008|eventId2=2931, eventId4=2931, sequenceBlob=, entryMethodId=, actualEntryPoint=
2023-02-17 07:05:00 PM|DEBUG|3053|GOLANG-001-009|btTag=12
2023-03-24 10:49:43 AM|DEBUG|3080|GOLANG-001-001|btTag=
2023-03-24 10:49:44 AM|DEBUG|3080|GOLANG-001-001|eventId2=0, eventId4=0
2023-03-24 10:53:07 AM|DEBUG|3081|GOLANG-001-002|btTag=10
2023-03-24 10:53:08 AM|DEBUG|3081|GOLANG-001-002|eventId2=1, eventId4=1
2023-03-24 10:53:08 AM|DEBUG|3081|GOLANG-001-002|cputime=
2023-03-24 10:56:31 AM|DEBUG|3082|GOLANG-001-003|btTag=10
2023-03-24 10:56:31 AM|DEBUG|3082|GOLANG-001-003|eventId2=10, eventId4=10
2023-03-24 10:56:31 AM|DEBUG|3082|GOLANG-001-003|cputime=0
2023-03-24 10:59:56 AM|DEBUG|3083|GOLANG-001-004|btTag=10
2023-03-24 10:59:56 AM|DEBUG|3083|GOLANG-001-004|eventId2=14, eventId4=14
2023-03-24 10:59:56 AM|DEBUG|3083|GOLANG-001-004|cputime=
2023-03-24 11:03:25 AM|DEBUG|3084|GOLANG-001-005|btTag=10
2023-03-24 11:03:25 AM|DEBUG|3084|GOLANG-001-005|eventId2=15, eventId4=15
2023-03-24 11:03:25 AM|DEBUG|3084|GOLANG-001-005|cputime=0
2023-03-24 11:06:50 AM|DEBUG|3085|GOLANG-001-006|eventId2=15, eventId4=15
2023-03-24 11:06:51 AM|DEBUG|3085|GOLANG-001-006|[200 200 200 200 200 200 200 200 200 200 200 200 200 200 200]
2023-03-24 11:14:42 AM|DEBUG|3087|GOLANG-001-008|eventId2=6, eventId4=6, sequenceBlob=, entryMethodId=, actualEntryPoint=
2023-03-24 11:18:15 AM|DEBUG|3088|GOLANG-001-009|btTag=10
2023-03-24 12:46:01 PM|DEBUG|3108|GOLANG-006-001|url_filed: /metrics and correlation_filed: 
2023-03-24 12:56:22 PM|DEBUG|3111|GOLANG-007-002|eventId2=16, eventId4=16
2023-03-24 12:59:47 PM|DEBUG|3112|GOLANG-007-003|eventId2=16, eventId4=16
2023-04-14 06:43:33 AM|DEBUG|1041|GOLANG-001-001|btTag=
2023-04-14 06:43:34 AM|DEBUG|1041|GOLANG-001-001|eventId2=0, eventId4=0
2023-04-14 06:47:12 AM|DEBUG|1047|GOLANG-001-007|absTimeStampTest=1681472674, bciTimeStamp=292938282, absTimeInSecs=1681472682, diff=8
2023-04-14 07:19:56 AM|DEBUG|1050|GOLANG-001-001|btTag=
2023-04-14 07:19:56 AM|DEBUG|1050|GOLANG-001-001|eventId2=0, eventId4=0
2023-04-14 07:23:01 AM|DEBUG|1053|GOLANG-001-004|btTag=10
2023-04-14 07:23:01 AM|DEBUG|1053|GOLANG-001-004|eventId2=12, eventId4=12
2023-04-14 07:23:02 AM|DEBUG|1053|GOLANG-001-004|cputime=
2023-04-14 07:25:53 AM|DEBUG|1057|GOLANG-001-008|eventId2=12, eventId4=12, sequenceBlob=, entryMethodId=, actualEntryPoint=
2023-04-14 08:09:13 AM|DEBUG|1059|GOLANG-001-001|btTag=
2023-04-14 08:09:13 AM|DEBUG|1059|GOLANG-001-001|eventId2=0, eventId4=0
2023-04-14 08:12:33 AM|DEBUG|1066|GOLANG-001-008|eventId2=12, eventId4=12, sequenceBlob=, entryMethodId=, actualEntryPoint=
2023-04-14 09:20:47 AM|DEBUG|1087|GOLANG-006-001|url_filed:  and correlation_filed: 
2023-04-18 08:30:36 AM|DEBUG|1094|GOLANG-001-001|btTag=
2023-04-18 08:30:36 AM|DEBUG|1094|GOLANG-001-001|eventId2=0, eventId4=0
2023-04-18 08:33:40 AM|DEBUG|1099|GOLANG-001-006|eventId2=13, eventId4=13
2023-04-18 08:33:40 AM|DEBUG|1099|GOLANG-001-006|[200 200 200 200 200 200 200 200 200 200 200 200 200]
2023-04-18 08:44:11 AM|DEBUG|1103|GOLANG-001-001|btTag=
2023-04-18 08:44:11 AM|DEBUG|1103|GOLANG-001-001|eventId2=0, eventId4=0
2023-04-18 08:47:32 AM|DEBUG|1110|GOLANG-001-008|eventId2=13, eventId4=13, sequenceBlob=, entryMethodId=, actualEntryPoint=
2023-04-18 09:55:25 AM|DEBUG|1131|GOLANG-006-001|url_filed:  and correlation_filed: 
2023-04-24 01:38:19 AM|DEBUG|1160|GOLANG-001-001|btTag=
2023-04-24 01:38:19 AM|DEBUG|1160|GOLANG-001-001|eventId2=0, eventId4=0
2023-04-24 01:41:40 AM|DEBUG|1161|GOLANG-001-002|btTag=10
2023-04-24 01:41:40 AM|DEBUG|1161|GOLANG-001-002|eventId2=8, eventId4=8
2023-04-24 01:41:40 AM|DEBUG|1161|GOLANG-001-002|cputime=
2023-04-24 01:45:03 AM|DEBUG|1162|GOLANG-001-003|btTag=10
2023-04-24 01:45:03 AM|DEBUG|1162|GOLANG-001-003|eventId2=13, eventId4=13
2023-04-24 01:45:03 AM|DEBUG|1162|GOLANG-001-003|cputime=2506661879
2023-04-24 01:48:18 AM|DEBUG|1163|GOLANG-001-004|btTag=10
2023-04-24 01:48:18 AM|DEBUG|1163|GOLANG-001-004|eventId2=18, eventId4=18
2023-04-24 01:48:18 AM|DEBUG|1163|GOLANG-001-004|cputime=
2023-04-24 01:51:43 AM|DEBUG|1164|GOLANG-001-005|btTag=10
2023-04-24 01:51:43 AM|DEBUG|1164|GOLANG-001-005|eventId2=21, eventId4=21
2023-04-24 01:51:43 AM|DEBUG|1164|GOLANG-001-005|cputime=0
2023-04-24 01:55:08 AM|DEBUG|1165|GOLANG-001-006|eventId2=21, eventId4=21
2023-04-24 01:55:08 AM|DEBUG|1165|GOLANG-001-006|[200 200 200 200 200 200 200 200 200 200 200 200 200 200 200 200 200 200 200 200 200]
2023-04-24 01:58:31 AM|DEBUG|1166|GOLANG-001-007|absTimeStampTest=1682319313, bciTimeStamp=293784921, absTimeInSecs=1682319321, diff=8
2023-04-24 02:01:57 AM|DEBUG|1167|GOLANG-001-008|eventId2=25, eventId4=25, sequenceBlob=, entryMethodId=, actualEntryPoint=
2023-04-24 03:03:49 AM|DEBUG|1178|GOLANG-001-001|btTag=
2023-04-24 03:03:49 AM|DEBUG|1178|GOLANG-001-001|eventId2=0, eventId4=0
2023-04-24 03:07:21 AM|DEBUG|1179|GOLANG-001-002|btTag=10
2023-04-24 03:07:21 AM|DEBUG|1179|GOLANG-001-002|eventId2=8, eventId4=8
2023-04-24 03:07:21 AM|DEBUG|1179|GOLANG-001-002|cputime=
2023-04-24 03:10:53 AM|DEBUG|1180|GOLANG-001-003|btTag=10
2023-04-24 03:10:53 AM|DEBUG|1180|GOLANG-001-003|eventId2=13, eventId4=13
2023-04-24 03:10:53 AM|DEBUG|1180|GOLANG-001-003|cputime=2015885
2023-04-24 03:14:27 AM|DEBUG|1181|GOLANG-001-004|btTag=10
2023-04-24 03:14:27 AM|DEBUG|1181|GOLANG-001-004|eventId2=19, eventId4=19
2023-04-24 03:14:27 AM|DEBUG|1181|GOLANG-001-004|cputime=
2023-04-24 03:18:32 AM|DEBUG|1182|GOLANG-001-005|btTag=10
2023-04-24 03:18:32 AM|DEBUG|1182|GOLANG-001-005|eventId2=21, eventId4=21
2023-04-24 03:18:32 AM|DEBUG|1182|GOLANG-001-005|cputime=0
2023-04-24 03:22:54 AM|DEBUG|1184|GOLANG-001-007|absTimeStampTest=1682324336, bciTimeStamp=293789945, absTimeInSecs=1682324345, diff=9
2023-04-24 03:43:52 AM|DEBUG|1187|GOLANG-001-001|btTag=
2023-04-24 03:43:52 AM|DEBUG|1187|GOLANG-001-001|eventId2=0, eventId4=0
2023-04-24 03:48:10 AM|DEBUG|1189|GOLANG-001-003|btTag=10
2023-04-24 03:48:10 AM|DEBUG|1189|GOLANG-001-003|eventId2=8, eventId4=8
2023-04-24 03:48:10 AM|DEBUG|1189|GOLANG-001-003|cputime=0
2023-04-24 03:52:26 AM|DEBUG|1191|GOLANG-001-005|btTag=10
2023-04-24 03:52:26 AM|DEBUG|1191|GOLANG-001-005|eventId2=12, eventId4=12
2023-04-24 03:52:26 AM|DEBUG|1191|GOLANG-001-005|cputime=1938221
2023-04-24 03:56:50 AM|DEBUG|1193|GOLANG-001-007|absTimeStampTest=1682326363, bciTimeStamp=293791971, absTimeInSecs=1682326371, diff=8
2023-04-24 04:01:07 AM|DEBUG|1195|GOLANG-001-009|btTag=10
2023-04-24 05:26:15 AM|ERROR|NA|NA|Testcase name not found
2023-04-24 05:26:37 AM|ERROR|NA|NA|Testcase name not found
2023-04-24 05:26:50 AM|ERROR|NA|NA|Testcase name not found
2023-04-24 05:27:07 AM|ERROR|NA|NA|Testcase name not found
2023-04-24 05:27:55 AM|ERROR|NA|NA|Testcase name not found
2023-04-24 05:28:08 AM|ERROR|NA|NA|Testcase name not found
2023-04-24 05:28:20 AM|ERROR|NA|NA|Testcase name not found
2023-04-24 05:28:41 AM|ERROR|NA|NA|Testcase name not found
2023-04-24 05:28:56 AM|ERROR|NA|NA|Testcase name not found
2023-04-24 05:29:09 AM|ERROR|NA|NA|Testcase name not found
2023-04-24 06:48:16 AM|DEBUG|1221|GOLANG-001-001|btTag=
2023-04-24 06:52:28 AM|DEBUG|1222|GOLANG-001-002|btTag=10
2023-04-24 06:52:28 AM|DEBUG|1222|GOLANG-001-002|eventId2=2, eventId4=2
2023-04-24 06:52:28 AM|DEBUG|1222|GOLANG-001-002|cputime=
2023-04-24 06:56:00 AM|DEBUG|1223|GOLANG-001-003|btTag=10
2023-04-24 06:56:00 AM|DEBUG|1223|GOLANG-001-003|eventId2=5, eventId4=5
2023-04-24 06:56:00 AM|DEBUG|1223|GOLANG-001-003|cputime=0
2023-04-24 06:59:25 AM|DEBUG|1224|GOLANG-001-004|btTag=10
2023-04-24 06:59:25 AM|DEBUG|1224|GOLANG-001-004|eventId2=13, eventId4=13
2023-04-24 06:59:25 AM|DEBUG|1224|GOLANG-001-004|cputime=
2023-04-24 07:03:02 AM|DEBUG|1225|GOLANG-001-005|btTag=10
2023-04-24 07:03:02 AM|DEBUG|1225|GOLANG-001-005|eventId2=13, eventId4=13
2023-04-24 07:03:02 AM|DEBUG|1225|GOLANG-001-005|cputime=0
2023-04-24 07:06:24 AM|DEBUG|1226|GOLANG-001-006|eventId2=14, eventId4=14
2023-04-24 07:06:24 AM|DEBUG|1226|GOLANG-001-006|[200 200 200 200 200 200 200 200 200 200 200 200 200 200]
2023-04-24 07:09:48 AM|DEBUG|1227|GOLANG-001-007|absTimeStampTest=1682337989, bciTimeStamp=293803597, absTimeInSecs=1682337997, diff=8
2023-04-24 07:13:03 AM|DEBUG|1228|GOLANG-001-008|eventId2=13, eventId4=13, sequenceBlob=, entryMethodId=, actualEntryPoint=
2023-04-24 07:16:20 AM|DEBUG|1229|GOLANG-001-009|btTag=10
2023-04-24 08:19:42 AM|DEBUG|1249|GOLANG-006-001|url_filed: /metrics and correlation_filed: 
2023-04-24 08:28:23 AM|DEBUG|1252|GOLANG-007-002|eventId2=14, eventId4=14
2023-04-24 09:49:58 AM|DEBUG|1256|GOLANG-001-001|btTag=
2023-04-24 09:49:58 AM|DEBUG|1256|GOLANG-001-001|eventId2=0, eventId4=0
2023-04-24 09:54:14 AM|DEBUG|1258|GOLANG-001-003|btTag=10
2023-04-24 09:54:14 AM|DEBUG|1258|GOLANG-001-003|eventId2=5, eventId4=5
2023-04-24 09:54:14 AM|DEBUG|1258|GOLANG-001-003|cputime=170246713
2023-04-24 09:58:39 AM|DEBUG|1260|GOLANG-001-005|btTag=10
2023-04-24 09:58:39 AM|DEBUG|1260|GOLANG-001-005|eventId2=13, eventId4=13
2023-04-24 09:58:39 AM|DEBUG|1260|GOLANG-001-005|cputime=212373415
2023-04-24 10:02:56 AM|DEBUG|1262|GOLANG-001-007|absTimeStampTest=1682348337, bciTimeStamp=293813946, absTimeInSecs=1682348346, diff=9
2023-04-24 10:07:13 AM|DEBUG|1264|GOLANG-001-009|btTag=10
2023-04-25 02:14:15 AM|DEBUG|1292|GOLANG-001-001|btTag=
2023-04-25 02:14:15 AM|DEBUG|1292|GOLANG-001-001|eventId2=0, eventId4=0
2023-04-25 02:17:41 AM|DEBUG|1293|GOLANG-001-002|btTag=10
2023-04-25 02:17:41 AM|DEBUG|1293|GOLANG-001-002|eventId2=7, eventId4=7
2023-04-25 02:17:41 AM|DEBUG|1293|GOLANG-001-002|cputime=
2023-04-25 02:21:06 AM|DEBUG|1294|GOLANG-001-003|btTag=10
2023-04-25 02:21:06 AM|DEBUG|1294|GOLANG-001-003|eventId2=16, eventId4=16
2023-04-25 02:21:06 AM|DEBUG|1294|GOLANG-001-003|cputime=0
2023-04-25 02:24:29 AM|DEBUG|1295|GOLANG-001-004|btTag=10
2023-04-25 02:24:29 AM|DEBUG|1295|GOLANG-001-004|eventId2=18, eventId4=18
2023-04-25 02:24:29 AM|DEBUG|1295|GOLANG-001-004|cputime=
2023-04-25 02:27:54 AM|DEBUG|1296|GOLANG-001-005|btTag=10
2023-04-25 02:27:54 AM|DEBUG|1296|GOLANG-001-005|eventId2=25, eventId4=25
2023-04-25 02:27:54 AM|DEBUG|1296|GOLANG-001-005|cputime=957075
2023-04-25 02:31:27 AM|DEBUG|1297|GOLANG-001-006|eventId2=21, eventId4=21
2023-04-25 02:31:27 AM|DEBUG|1297|GOLANG-001-006|[200 200 200 200 200 200 200 200 200 200 200 200 200 200 200 200 200 200 200 200 200]
2023-04-25 02:34:56 AM|DEBUG|1298|GOLANG-001-007|absTimeStampTest=1682407893, bciTimeStamp=293873505, absTimeInSecs=1682407905, diff=12
2023-04-25 02:38:30 AM|DEBUG|1299|GOLANG-001-008|eventId2=21, eventId4=21, sequenceBlob=, entryMethodId=, actualEntryPoint=
2023-04-25 02:41:56 AM|DEBUG|1300|GOLANG-001-009|btTag=10
2023-04-25 05:33:37 AM|ERROR|20050|NA|Testcase name not found
2023-04-25 05:41:47 AM|ERROR|NA|NA|Testcase name not found
2023-04-25 05:48:30 AM|DEBUG|1301|GOLANG-001-001|btTag=
2023-04-25 05:48:30 AM|DEBUG|1301|GOLANG-001-001|eventId2=0, eventId4=0
2023-04-25 05:52:33 AM|DEBUG|1302|GOLANG-001-002|btTag=10
2023-04-25 05:52:33 AM|DEBUG|1302|GOLANG-001-002|eventId2=2, eventId4=2
2023-04-25 05:52:33 AM|DEBUG|1302|GOLANG-001-002|cputime=
2023-04-25 05:57:05 AM|ERROR|20050|NA|Testcase name not found
2023-04-26 01:06:17 AM|ERROR|20050|NA|Testcase name not found
2023-04-26 01:09:03 AM|ERROR|20050|NA|Testcase name not found
2023-04-26 01:13:00 AM|ERROR|22222|NA|Testcase name not found
2023-04-26 01:28:26 AM|DEBUG|1306|GOLANG-001-001|btTag=
2023-04-26 01:32:29 AM|DEBUG|1307|GOLANG-001-002|btTag=
2023-04-26 01:36:34 AM|DEBUG|1308|GOLANG-001-003|btTag=
2023-04-26 01:40:38 AM|DEBUG|1309|GOLANG-001-004|btTag=
2023-04-26 01:43:12 AM|DEBUG|1306|GOLANG-001-001|btTag=
2023-04-26 01:44:42 AM|DEBUG|1310|GOLANG-001-005|btTag=
2023-04-26 01:59:37 AM|DEBUG|1312|GOLANG-001-001|btTag=
2023-04-26 01:59:37 AM|DEBUG|1312|GOLANG-001-001|eventId2=0, eventId4=0
2023-04-26 02:02:59 AM|DEBUG|1313|GOLANG-001-002|btTag=10
2023-04-26 02:02:59 AM|DEBUG|1313|GOLANG-001-002|eventId2=4, eventId4=4
2023-04-26 02:02:59 AM|DEBUG|1313|GOLANG-001-002|cputime=
2023-04-26 02:07:04 AM|DEBUG|1314|GOLANG-001-003|btTag=10
2023-04-26 02:07:04 AM|DEBUG|1314|GOLANG-001-003|eventId2=9, eventId4=9
2023-04-26 02:07:04 AM|DEBUG|1314|GOLANG-001-003|cputime=0
2023-04-26 02:11:30 AM|DEBUG|1316|GOLANG-001-005|btTag=10
2023-04-26 02:11:30 AM|DEBUG|1316|GOLANG-001-005|eventId2=13, eventId4=13
2023-04-26 02:11:30 AM|DEBUG|1316|GOLANG-001-005|cputime=0
2023-04-26 02:15:56 AM|DEBUG|1318|GOLANG-001-007|absTimeStampTest=1682493109, bciTimeStamp=293958718, absTimeInSecs=1682493118, diff=9
2023-04-26 02:20:14 AM|DEBUG|1320|GOLANG-001-009|btTag=10
2023-04-26 02:28:21 AM|DEBUG|1312|GOLANG-001-001|btTag=
2023-04-26 02:28:21 AM|DEBUG|1312|GOLANG-001-001|eventId2=0, eventId4=0
2023-04-26 04:21:12 AM|DEBUG|1312|GOLANG-001-001|btTag=
2023-04-26 04:21:12 AM|DEBUG|1312|GOLANG-001-001|eventId2=0, eventId4=0
2023-04-26 04:22:03 AM|DEBUG|1312|GOLANG-001-001|btTag=
2023-04-26 04:22:04 AM|DEBUG|1312|GOLANG-001-001|eventId2=0, eventId4=0
2023-04-26 04:36:54 AM|DEBUG|1312|GOLANG-001-001|btTag=
2023-04-26 04:36:54 AM|DEBUG|1312|GOLANG-001-001|eventId2=0, eventId4=0
2023-04-26 04:37:18 AM|DEBUG|1312|GOLANG-001-001|btTag=
2023-04-26 04:37:18 AM|DEBUG|1312|GOLANG-001-001|eventId2=0, eventId4=0
2023-04-26 04:56:50 AM|DEBUG|1312|GOLANG-001-001|btTag=
2023-04-26 04:56:50 AM|DEBUG|1312|GOLANG-001-001|eventId2=0, eventId4=0
2023-04-26 04:57:00 AM|DEBUG|1312|GOLANG-001-001|btTag=
2023-04-26 04:57:00 AM|DEBUG|1312|GOLANG-001-001|eventId2=0, eventId4=0
2023-04-26 05:04:29 AM|DEBUG|1321|GOLANG-001-001|btTag=
2023-04-26 05:04:30 AM|DEBUG|1321|GOLANG-001-001|eventId2=0, eventId4=0
2023-04-26 05:58:49 AM|ERROR|NA|NA|Testcase name not found
2023-04-26 06:04:35 AM|DEBUG|1323|GOLANG-001-001|btTag=
2023-04-26 06:08:48 AM|DEBUG|1324|GOLANG-001-002|btTag=
2023-04-26 06:20:28 AM|DEBUG|1325|GOLANG-001-001|btTag=
2023-04-26 06:23:50 AM|DEBUG|1326|GOLANG-001-002|btTag=10
2023-04-26 06:23:50 AM|DEBUG|1326|GOLANG-001-002|eventId2=4, eventId4=4
2023-04-26 06:23:50 AM|DEBUG|1326|GOLANG-001-002|cputime=
2023-04-26 09:06:26 AM|DEBUG|1328|GOLANG-001-001|btTag=
2023-04-26 09:09:57 AM|DEBUG|1329|GOLANG-001-002|btTag=10
2023-04-26 09:09:57 AM|DEBUG|1329|GOLANG-001-002|eventId2=2, eventId4=2
2023-04-26 09:09:57 AM|DEBUG|1329|GOLANG-001-002|cputime=
2023-04-26 09:13:29 AM|DEBUG|1330|GOLANG-001-003|btTag=10
2023-04-26 09:13:29 AM|DEBUG|1330|GOLANG-001-003|eventId2=8, eventId4=8
2023-04-26 09:13:29 AM|DEBUG|1330|GOLANG-001-003|cputime=0
2023-04-26 09:16:49 AM|DEBUG|1331|GOLANG-001-004|btTag=10
2023-04-26 09:16:49 AM|DEBUG|1331|GOLANG-001-004|eventId2=11, eventId4=11
2023-04-26 09:16:49 AM|DEBUG|1331|GOLANG-001-004|cputime=
2023-04-26 09:20:21 AM|DEBUG|1332|GOLANG-001-005|btTag=10
2023-04-26 09:20:21 AM|DEBUG|1332|GOLANG-001-005|eventId2=12, eventId4=12
2023-04-26 09:20:21 AM|DEBUG|1332|GOLANG-001-005|cputime=190604565
2023-04-26 09:23:53 AM|DEBUG|1333|GOLANG-001-006|eventId2=13, eventId4=13
2023-04-26 09:23:53 AM|DEBUG|1333|GOLANG-001-006|[200 200 200 200 200 200 200 200 200 200 200 200 200]
2023-04-26 09:27:25 AM|DEBUG|1334|GOLANG-001-007|absTimeStampTest=1682519038, bciTimeStamp=293984646, absTimeInSecs=1682519046, diff=8
2023-04-26 09:31:05 AM|DEBUG|1335|GOLANG-001-008|eventId2=12, eventId4=12, sequenceBlob=, entryMethodId=, actualEntryPoint=
2023-04-26 09:34:25 AM|DEBUG|1336|GOLANG-001-009|btTag=10
2023-04-27 04:13:53 AM|ERROR|NA|NA|Testcase name not found
2023-04-27 04:13:57 AM|ERROR|NA|NA|Testcase name not found
2023-04-27 04:14:08 AM|ERROR|NA|NA|Testcase name not found
2023-04-27 04:14:24 AM|ERROR|NA|NA|Testcase name not found
2023-04-27 04:16:04 AM|ERROR|NA|NA|Testcase name not found
2023-04-27 04:18:43 AM|DEBUG|1313|GOLANG-001-002|btTag=10
2023-04-27 04:18:43 AM|DEBUG|1313|GOLANG-001-002|eventId2=4, eventId4=4
2023-04-27 04:18:43 AM|DEBUG|1313|GOLANG-001-002|cputime=
2023-04-27 04:19:05 AM|DEBUG|1314|GOLANG-001-003|btTag=10
2023-04-27 04:19:05 AM|DEBUG|1314|GOLANG-001-003|eventId2=9, eventId4=9
2023-04-27 04:19:05 AM|DEBUG|1314|GOLANG-001-003|cputime=409075517
2023-04-27 04:19:32 AM|DEBUG|1314|GOLANG-001-003|btTag=10
2023-04-27 04:19:32 AM|DEBUG|1314|GOLANG-001-003|eventId2=9, eventId4=9
2023-04-27 04:19:32 AM|DEBUG|1314|GOLANG-001-003|cputime=409075517
2023-04-27 04:19:34 AM|DEBUG|1316|GOLANG-001-005|btTag=10
2023-04-27 04:19:34 AM|DEBUG|1316|GOLANG-001-005|eventId2=13, eventId4=13
2023-04-27 04:19:34 AM|DEBUG|1316|GOLANG-001-005|cputime=0
2023-04-27 04:19:40 AM|DEBUG|1318|GOLANG-001-007|absTimeStampTest=1682493109, bciTimeStamp=293958718, absTimeInSecs=1682493118, diff=9
2023-04-27 04:19:50 AM|DEBUG|1320|GOLANG-001-009|btTag=10
2023-04-27 04:20:11 AM|DEBUG|1318|GOLANG-001-007|absTimeStampTest=1682493109, bciTimeStamp=293958718, absTimeInSecs=1682493118, diff=9
2023-04-27 04:20:21 AM|DEBUG|1318|GOLANG-001-007|absTimeStampTest=1682493109, bciTimeStamp=293958718, absTimeInSecs=1682493118, diff=9
2023-04-27 04:39:00 AM|DEBUG|1337|GOLANG-001-001|btTag=
2023-04-27 04:39:00 AM|DEBUG|1337|GOLANG-001-001|btTag0=
2023-04-27 04:42:22 AM|DEBUG|1338|GOLANG-001-002|btTag=10
2023-04-27 04:42:22 AM|DEBUG|1338|GOLANG-001-002|eventId2=5, eventId4=5
2023-04-27 04:42:22 AM|DEBUG|1338|GOLANG-001-002|cputime=
2023-04-27 04:45:37 AM|DEBUG|1339|GOLANG-001-003|btTag=10
2023-04-27 04:45:37 AM|DEBUG|1339|GOLANG-001-003|eventId2=7, eventId4=7
2023-04-27 04:45:37 AM|DEBUG|1339|GOLANG-001-003|cputime=0
2023-04-27 04:49:00 AM|DEBUG|1340|GOLANG-001-004|btTag=10
2023-04-27 04:49:00 AM|DEBUG|1340|GOLANG-001-004|eventId2=12, eventId4=12
2023-04-27 04:49:00 AM|DEBUG|1340|GOLANG-001-004|cputime=
2023-04-27 04:52:23 AM|DEBUG|1341|GOLANG-001-005|btTag=10
2023-04-27 04:52:23 AM|DEBUG|1341|GOLANG-001-005|eventId2=13, eventId4=13
2023-04-27 04:52:23 AM|DEBUG|1341|GOLANG-001-005|cputime=0
2023-04-27 04:55:48 AM|DEBUG|1342|GOLANG-001-006|eventId2=13, eventId4=13
2023-04-27 04:55:48 AM|DEBUG|1342|GOLANG-001-006|[200 200 200 200 200 200 200 200 200 200 200 200 200]
2023-04-27 04:59:33 AM|DEBUG|1343|GOLANG-001-007|absTimeStampTest=1682589357, bciTimeStamp=294054974, absTimeInSecs=1682589374, diff=17
2023-04-27 05:02:58 AM|DEBUG|1344|GOLANG-001-008|eventId2=13, eventId4=13, sequenceBlob=15:0_0_0__16:0_0_0__16:0_1_7_0___15:0_1_7_0___, entryMethodId=15:0, actualEntryPoint=
2023-04-27 05:06:22 AM|DEBUG|1345|GOLANG-001-009|btTag=10
2023-04-28 01:55:39 AM|DEBUG|1350|GOLANG-001-001|btTag=
2023-04-28 01:55:39 AM|DEBUG|1350|GOLANG-001-001|btTag0=
2023-04-28 01:59:43 AM|DEBUG|1351|GOLANG-001-002|btTag=10
2023-04-28 01:59:44 AM|DEBUG|1351|GOLANG-001-002|eventId2=5, eventId4=5
2023-04-28 01:59:44 AM|DEBUG|1351|GOLANG-001-002|cputime=
2023-04-28 02:04:01 AM|DEBUG|1353|GOLANG-001-004|btTag=10
2023-04-28 02:04:01 AM|DEBUG|1353|GOLANG-001-004|eventId2=21, eventId4=21
2023-04-28 02:04:01 AM|DEBUG|1353|GOLANG-001-004|cputime=
2023-04-28 02:08:20 AM|DEBUG|1355|GOLANG-001-006|eventId2=21, eventId4=21
2023-04-28 02:08:20 AM|DEBUG|1355|GOLANG-001-006|[200 200 200 200 200 200 200 200 200 200 200 200 200 200 200 200 200 200 200 200 200]
2023-04-28 02:12:47 AM|DEBUG|1357|GOLANG-001-008|eventId2=21, eventId4=21, sequenceBlob=77:0_0_0__78:0_0_0__78:0_1_12_0___77:0_1_12_0___, entryMethodId=77:0, actualEntryPoint=
2023-04-28 02:17:07 AM|DEBUG|1358|GOLANG-001-009|btTag=10
2023-04-28 04:20:32 AM|ERROR|NA|NA|Testcase name not found
2023-04-28 04:29:27 AM|DEBUG|1350|GOLANG-001-001|eventId2=0, eventId4=0
2023-04-28 04:31:48 AM|DEBUG|1350|GOLANG-001-001|eventId2=0, eventId4=0
2023-04-28 04:37:58 AM|ERROR|NA|NA|Testcase name not found
2023-04-28 05:07:23 AM|DEBUG|1369|GOLANG-001-001|eventId2=0, eventId4=0
2023-04-28 06:26:39 AM|ERROR|NA|NA|Testcase name not found
2023-04-28 06:31:19 AM|ERROR|NA|NA|Testcase name not found
2023-04-28 08:07:03 AM|ERROR|NA|NA|Testcase name not found
2023-05-01 03:40:18 AM|ERROR|NA|NA|Testcase name not found
2023-05-01 04:36:24 AM|ERROR|NA|NA|Testcase name not found
2023-05-01 04:36:29 AM|ERROR|NA|NA|Testcase name not found
2023-05-01 04:36:40 AM|ERROR|NA|NA|Testcase name not found
2023-05-01 04:36:43 AM|ERROR|NA|NA|Testcase name not found
2023-05-01 05:08:51 AM|ERROR|1400|NA|Testcase name not found
2023-05-01 08:02:45 AM|DEBUG|1410|GOLANG-001-001|eventId2=0, eventId4=0
2023-05-02 01:01:49 AM|DEBUG|1434|GOLANG-001-001|eventId2=0, eventId4=0
2023-05-02 01:05:25 AM|DEBUG|1435|GOLANG-001-002|btTag=
2023-05-02 01:05:25 AM|DEBUG|1435|GOLANG-001-002|eventId2=0, eventId4=0
2023-05-02 01:08:48 AM|DEBUG|1436|GOLANG-001-003|btTag=
2023-05-02 01:08:49 AM|DEBUG|1436|GOLANG-001-003|eventId2=0, eventId4=0
2023-05-02 01:12:12 AM|DEBUG|1437|GOLANG-001-004|btTag=
2023-05-02 01:12:12 AM|DEBUG|1437|GOLANG-001-004|eventId2=0, eventId4=0
2023-05-02 01:15:35 AM|DEBUG|1438|GOLANG-001-005|btTag=
2023-05-02 01:15:35 AM|DEBUG|1438|GOLANG-001-005|eventId2=0, eventId4=0
2023-05-02 01:18:58 AM|DEBUG|1439|GOLANG-001-006|eventId2=0, eventId4=0
2023-05-02 01:18:58 AM|DEBUG|1439|GOLANG-001-006|[]
2023-05-02 01:22:21 AM|DEBUG|1440|GOLANG-001-007|eventId2=0, eventId4=0
2023-05-02 01:25:44 AM|DEBUG|1441|GOLANG-001-008|eventId2=0, eventId4=0, sequenceBlob=, entryMethodId=, actualEntryPoint=
2023-05-02 04:36:17 AM|DEBUG|1443|GOLANG-001-001|eventId2=0, eventId4=0
2023-05-02 04:39:41 AM|DEBUG|1444|GOLANG-001-002|btTag=
2023-05-02 04:39:41 AM|DEBUG|1444|GOLANG-001-002|eventId2=0, eventId4=0
2023-05-02 04:43:12 AM|DEBUG|1445|GOLANG-001-003|btTag=
2023-05-02 04:43:12 AM|DEBUG|1445|GOLANG-001-003|eventId2=0, eventId4=0
2023-05-02 04:46:35 AM|DEBUG|1446|GOLANG-001-004|btTag=
2023-05-02 04:46:35 AM|DEBUG|1446|GOLANG-001-004|eventId2=0, eventId4=0
2023-05-03 02:33:12 AM|DEBUG|1459|GOLANG-006-001|url_filed: /metrics and correlation_filed: 
2023-05-04 12:43:27 AM|DEBUG|1466|GOLANG-001-001|eventId2=0, eventId4=0
2023-05-04 12:47:47 AM|DEBUG|1467|GOLANG-001-002|btTag=10
2023-05-04 12:47:47 AM|DEBUG|1467|GOLANG-001-002|eventId2=9, eventId4=9
2023-05-04 12:47:47 AM|DEBUG|1467|GOLANG-001-002|cputime=
2023-05-04 12:52:08 AM|DEBUG|1468|GOLANG-001-003|btTag=
2023-05-04 12:52:08 AM|DEBUG|1468|GOLANG-001-003|eventId2=0, eventId4=0
2023-05-04 03:02:23 AM|DEBUG|1502|GOLANG-001-002|btTag=10
2023-05-04 03:02:23 AM|DEBUG|1502|GOLANG-001-002|eventId2=3, eventId4=3
2023-05-04 03:02:23 AM|DEBUG|1502|GOLANG-001-002|cputime=
2023-05-04 03:06:44 AM|DEBUG|1503|GOLANG-001-003|btTag=10
2023-05-04 03:06:44 AM|DEBUG|1503|GOLANG-001-003|eventId2=15, eventId4=15
2023-05-04 03:06:44 AM|DEBUG|1503|GOLANG-001-003|cputime=437233059
2023-05-04 03:11:05 AM|DEBUG|1504|GOLANG-001-004|btTag=10
2023-05-04 03:11:05 AM|DEBUG|1504|GOLANG-001-004|eventId2=14, eventId4=14
2023-05-04 03:11:05 AM|DEBUG|1504|GOLANG-001-004|cputime=
2023-05-04 03:15:34 AM|DEBUG|1505|GOLANG-001-005|btTag=10
2023-05-04 03:15:34 AM|DEBUG|1505|GOLANG-001-005|eventId2=19, eventId4=19
2023-05-04 03:15:34 AM|DEBUG|1505|GOLANG-001-005|cputime=187989449
2023-05-04 03:18:57 AM|DEBUG|1506|GOLANG-001-006|eventId2=12, eventId4=12
2023-05-04 03:18:57 AM|DEBUG|1506|GOLANG-001-006|[200 200 200 200 200 200 200 200 200 200 200 200]
2023-05-04 03:22:21 AM|DEBUG|1507|GOLANG-001-007|absTimeStampTest=1683188342, bciTimeStamp=294653951, absTimeInSecs=1683188351, diff=9
2023-05-04 03:25:45 AM|DEBUG|1508|GOLANG-001-008|eventId2=13, eventId4=13, sequenceBlob=13:0_0_0__14:0_0_0__14:0_1_7_0___13:0_1_7_0___, entryMethodId=13:0, actualEntryPoint=
2023-05-04 03:48:41 AM|DEBUG|1529|GOLANG-006-001|url_filed:  and correlation_filed: 
2023-05-04 05:42:24 AM|DEBUG|1537|GOLANG-001-002|btTag=10
2023-05-04 05:42:24 AM|DEBUG|1537|GOLANG-001-002|eventId2=3, eventId4=3
2023-05-04 05:42:24 AM|DEBUG|1537|GOLANG-001-002|cputime=
2023-05-04 05:46:45 AM|DEBUG|1538|GOLANG-001-003|btTag=10
2023-05-04 05:46:45 AM|DEBUG|1538|GOLANG-001-003|eventId2=10, eventId4=10
2023-05-04 05:46:45 AM|DEBUG|1538|GOLANG-001-003|cputime=0
2023-05-04 05:50:09 AM|DEBUG|1539|GOLANG-001-004|btTag=10
2023-05-04 05:50:09 AM|DEBUG|1539|GOLANG-001-004|eventId2=11, eventId4=11
2023-05-04 05:50:09 AM|DEBUG|1539|GOLANG-001-004|cputime=
2023-05-04 05:53:44 AM|DEBUG|1540|GOLANG-001-005|btTag=10
2023-05-04 05:53:44 AM|DEBUG|1540|GOLANG-001-005|eventId2=12, eventId4=12
2023-05-04 05:53:44 AM|DEBUG|1540|GOLANG-001-005|cputime=2093725412
2023-05-04 05:59:03 AM|DEBUG|1541|GOLANG-001-006|eventId2=0, eventId4=0
2023-05-04 05:59:03 AM|DEBUG|1541|GOLANG-001-006|[]
2023-05-04 06:04:18 AM|DEBUG|1543|GOLANG-001-008|eventId2=0, eventId4=0, sequenceBlob=, entryMethodId=, actualEntryPoint=
2023-05-11 09:12:37 AM|ERROR|NA|NA|Testcase name not found
2023-05-11 09:13:07 AM|ERROR|NA|NA|Testcase name not found
2023-05-11 09:37:10 AM|ERROR|NA|NA|Testcase name not found
2023-05-11 09:45:19 AM|DEBUG|1568|GOLANG-001-001|eventId2=0, eventId4=0
2023-05-11 09:48:40 AM|DEBUG|1569|GOLANG-001-002|btTag=10
2023-05-11 09:48:40 AM|DEBUG|1569|GOLANG-001-002|eventId2=3, eventId4=3
2023-05-11 09:48:40 AM|DEBUG|1569|GOLANG-001-002|cputime=
2023-05-11 09:52:10 AM|DEBUG|1570|GOLANG-001-003|btTag=10
2023-05-11 09:52:10 AM|DEBUG|1570|GOLANG-001-003|eventId2=8, eventId4=8
2023-05-11 09:52:10 AM|DEBUG|1570|GOLANG-001-003|cputime=149287711
2023-05-11 09:55:32 AM|DEBUG|1571|GOLANG-001-004|btTag=10
2023-05-11 09:55:32 AM|DEBUG|1571|GOLANG-001-004|eventId2=10, eventId4=10
2023-05-11 09:55:32 AM|DEBUG|1571|GOLANG-001-004|cputime=
2023-05-11 09:59:02 AM|DEBUG|1572|GOLANG-001-005|btTag=10
2023-05-11 09:59:02 AM|DEBUG|1572|GOLANG-001-005|eventId2=12, eventId4=12
2023-05-11 09:59:02 AM|DEBUG|1572|GOLANG-001-005|cputime=2112219116
2023-05-11 10:02:22 AM|DEBUG|1573|GOLANG-001-006|eventId2=12, eventId4=12
2023-05-11 10:02:22 AM|DEBUG|1573|GOLANG-001-006|[200 200 200 200 200 200 200 200 200 200 200 200]
2023-05-11 10:05:44 AM|DEBUG|1574|GOLANG-001-007|absTimeStampTest=1683817347, bciTimeStamp=295282956, absTimeInSecs=1683817356, diff=9
2023-05-12 01:07:51 AM|ERROR|NA|NA|Testcase name not found
2023-05-12 01:07:59 AM|ERROR|NA|NA|Testcase name not found
2023-05-12 01:15:47 AM|DEBUG|1607|GOLANG-011-001|eventId2=9, eventId4=9
2023-05-12 01:19:10 AM|DEBUG|1608|GOLANG-011-002|eventId2=0, eventId4=0
2023-05-12 01:27:49 AM|DEBUG|1607|GOLANG-011-001|eventId2=9, eventId4=9
2023-05-12 01:30:14 AM|DEBUG|1607|GOLANG-011-001|eventId2=9, eventId4=9
2023-05-12 01:54:12 AM|DEBUG|1615|GOLANG-011-001|eventId2=0, eventId4=0
2023-05-12 01:57:40 AM|DEBUG|1615|GOLANG-011-001|eventId2=0, eventId4=0
2023-05-12 02:16:49 AM|DEBUG|1616|GOLANG-011-001|eventId2=0, eventId4=0
2023-05-12 02:30:42 AM|DEBUG|1617|GOLANG-011-001|eventId2=0, eventId4=0
2023-05-12 02:51:32 AM|DEBUG|1618|GOLANG-011-001|eventId2=0, eventId4=0
2023-05-12 02:55:28 AM|DEBUG|1619|GOLANG-011-001|eventId2=0, eventId4=0
2023-05-12 06:13:48 AM|DEBUG|1620|GOLANG-011-001|eventId2=0, eventId4=0
2023-05-12 06:49:32 AM|DEBUG|1621|GOLANG-011-001|eventId2=0, eventId4=0
2023-05-15 05:20:48 AM|ERROR|20050|NA|Testcase name not found
2023-05-22 04:02:04 AM|DEBUG|1627|GOLANG-006-001|url_filed: /metrics and correlation_filed: 
2023-05-22 04:13:42 AM|ERROR|NA|NA|Testcase name not found
2023-05-22 05:03:59 AM|DEBUG|1632|GOLANG-007-002|eventId2=12, eventId4=12
2023-05-22 05:07:24 AM|DEBUG|1633|GOLANG-007-003|eventId2=13, eventId4=13
2023-05-22 07:25:18 AM|ERROR|NA|NA|Testcase name not found
2023-05-22 09:24:32 AM|DEBUG|1669|GOLANG-001-001|btTag=
2023-05-22 09:28:34 AM|DEBUG|1670|GOLANG-001-002|btTag=10
2023-05-22 09:28:34 AM|DEBUG|1670|GOLANG-001-002|eventId2=4, eventId4=4
2023-05-22 09:28:34 AM|DEBUG|1670|GOLANG-001-002|cputime=
2023-05-22 09:32:53 AM|DEBUG|1672|GOLANG-001-004|btTag=10
2023-05-22 09:32:53 AM|DEBUG|1672|GOLANG-001-004|eventId2=11, eventId4=11
2023-05-22 09:32:53 AM|DEBUG|1672|GOLANG-001-004|cputime=
2023-05-22 09:37:12 AM|DEBUG|1674|GOLANG-001-006|eventId2=12, eventId4=12
2023-05-22 09:37:12 AM|DEBUG|1674|GOLANG-001-006|[200 200 200 200 200 200 200 200 200 200 200 200]
2023-05-22 09:41:32 AM|DEBUG|1676|GOLANG-001-008|eventId2=13, eventId4=13, sequenceBlob=11:0_0_0__12:0_0_0__12:0_1_6_0___11:0_1_6_0___, entryMethodId=11:0, actualEntryPoint=
2023-05-23 12:08:21 AM|DEBUG|1687|GOLANG-001-001|btTag=
2023-05-23 12:12:45 AM|DEBUG|1689|GOLANG-001-003|btTag=10
2023-05-23 12:12:45 AM|DEBUG|1689|GOLANG-001-003|eventId2=8, eventId4=8
2023-05-23 12:12:45 AM|DEBUG|1689|GOLANG-001-003|cputime=635180670
2023-05-23 12:16:55 AM|DEBUG|1690|GOLANG-001-004|btTag=10
2023-05-23 12:16:55 AM|DEBUG|1690|GOLANG-001-004|eventId2=10, eventId4=10
2023-05-23 12:16:55 AM|DEBUG|1690|GOLANG-001-004|cputime=
2023-05-23 12:21:18 AM|DEBUG|1692|GOLANG-001-006|eventId2=13, eventId4=13
2023-05-23 12:21:18 AM|DEBUG|1692|GOLANG-001-006|[200 200 200 200 200 200 200 200 200 200 200 200 200]
2023-05-23 12:25:42 AM|DEBUG|1694|GOLANG-001-008|eventId2=12, eventId4=12, sequenceBlob=9:0_0_0__10:0_0_0__10:0_1_9_0___9:0_1_9_0___, entryMethodId=9:0, actualEntryPoint=
2023-05-23 12:43:27 AM|DEBUG|1697|GOLANG-001-001|eventId2=0, eventId4=0
2023-05-23 12:47:50 AM|DEBUG|1699|GOLANG-001-003|btTag=10
2023-05-23 12:47:50 AM|DEBUG|1699|GOLANG-001-003|eventId2=8, eventId4=8
2023-05-23 12:47:50 AM|DEBUG|1699|GOLANG-001-003|cputime=61922740
2023-05-23 12:52:14 AM|DEBUG|1701|GOLANG-001-005|btTag=10
2023-05-23 12:52:14 AM|DEBUG|1701|GOLANG-001-005|eventId2=12, eventId4=12
2023-05-23 12:52:14 AM|DEBUG|1701|GOLANG-001-005|cputime=0
2023-05-23 12:56:37 AM|DEBUG|1703|GOLANG-001-007|absTimeStampTest=1684821159, bciTimeStamp=296286768, absTimeInSecs=1684821168, diff=9
2023-05-23 01:01:02 AM|DEBUG|1705|GOLANG-001-009|btTag=10
2023-05-23 01:55:40 AM|ERROR|NA|NA|Testcase name not found
2023-05-23 01:55:41 AM|ERROR|NA|NA|Testcase name not found
2023-05-23 01:55:42 AM|ERROR|NA|NA|Testcase name not found
2023-05-23 01:55:43 AM|ERROR|NA|NA|Testcase name not found
2023-05-23 01:55:43 AM|ERROR|NA|NA|Testcase name not found
2023-05-23 02:03:42 AM|ERROR|NA|NA|Testcase name not found
2023-06-03 04:02:36 AM|DEBUG|1757|GOLANG-001-001|eventId2=0, eventId4=0
2023-06-03 04:06:00 AM|DEBUG|1758|GOLANG-001-002|btTag=10
2023-06-03 04:06:00 AM|DEBUG|1758|GOLANG-001-002|eventId2=4, eventId4=4
2023-06-03 04:06:00 AM|DEBUG|1758|GOLANG-001-002|cputime=
2023-06-03 04:09:30 AM|DEBUG|1759|GOLANG-001-003|btTag=10
2023-06-03 04:09:30 AM|DEBUG|1759|GOLANG-001-003|eventId2=7, eventId4=7
2023-06-03 04:09:30 AM|DEBUG|1759|GOLANG-001-003|cputime=8050028
2023-06-03 04:13:24 AM|DEBUG|1760|GOLANG-001-004|btTag=10
2023-06-03 04:13:24 AM|DEBUG|1760|GOLANG-001-004|eventId2=12, eventId4=12
2023-06-03 04:13:24 AM|DEBUG|1760|GOLANG-001-004|cputime=
2023-06-03 04:17:34 AM|DEBUG|1762|GOLANG-001-006|eventId2=32, eventId4=32
2023-06-03 04:17:34 AM|DEBUG|1762|GOLANG-001-006|[200 200 200 304 200 200 200 200 200 200 200 200 200 304 200 200 200 200 200 200 200 200 200 200 200 200 200 200 200 200 200 200]
2023-06-03 04:17:34 AM|DEBUG|1762|GOLANG-001-006|code=304, flag=1
2023-06-03 04:17:34 AM|DEBUG|1762|GOLANG-001-006|eventId2=32, eventId4=32
2023-06-03 04:21:55 AM|DEBUG|1763|GOLANG-001-007|absTimeStampTest=1685783863, bciTimeStamp=297249489, absTimeInSecs=1685783889, diff=26
2023-06-03 04:26:04 AM|DEBUG|1765|GOLANG-001-009|btTag=10
2023-06-03 05:28:35 AM|DEBUG|1784|GOLANG-006-001|url_filed: /metrics and correlation_filed: 
2023-06-05 12:33:22 AM|ERROR|NA|NA|Testcase name not found
2023-06-05 04:55:40 AM|DEBUG|1821|GOLANG-001-001|eventId2=0, eventId4=0
2023-06-05 04:59:41 AM|DEBUG|1823|GOLANG-001-003|btTag=10
2023-06-05 04:59:41 AM|DEBUG|1823|GOLANG-001-003|eventId2=4, eventId4=4
2023-06-05 04:59:41 AM|DEBUG|1823|GOLANG-001-003|cputime=73192538
2023-06-05 05:03:50 AM|DEBUG|1825|GOLANG-001-005|btTag=10
2023-06-05 05:03:50 AM|DEBUG|1825|GOLANG-001-005|eventId2=11, eventId4=11
2023-06-05 05:03:50 AM|DEBUG|1825|GOLANG-001-005|cputime=0
2023-06-05 05:07:59 AM|DEBUG|1827|GOLANG-001-007|absTimeStampTest=1685959447, bciTimeStamp=297425056, absTimeInSecs=1685959456, diff=9
2023-06-05 05:12:01 AM|DEBUG|1829|GOLANG-001-009|btTag=10
2023-06-05 06:14:19 AM|DEBUG|1848|GOLANG-006-001|url_filed: /metrics and correlation_filed: 
2023-06-05 06:38:06 AM|ERROR|1856|GOLANG-009-001|Testcase name not found
2023-06-05 06:38:19 AM|ERROR|1857|GOLANG-009-001|Testcase name not found
2023-06-12 08:02:01 AM|ERROR|NA|NA|Testcase name not found
2023-06-12 08:02:09 AM|ERROR|NA|NA|Testcase name not found
2023-06-13 10:28:13 AM|DEBUG|1859|GOLANG-001-001|btTag=
2023-06-13 10:31:40 AM|DEBUG|1860|GOLANG-001-002|btTag=10
2023-06-13 10:31:40 AM|DEBUG|1860|GOLANG-001-002|eventId2=3, eventId4=3
2023-06-13 10:31:41 AM|DEBUG|1860|GOLANG-001-002|cputime=
2023-06-13 10:35:10 AM|DEBUG|1861|GOLANG-001-003|btTag=10
2023-06-13 10:35:10 AM|DEBUG|1861|GOLANG-001-003|eventId2=8, eventId4=8
2023-06-13 10:35:10 AM|DEBUG|1861|GOLANG-001-003|cputime=4038488
2023-06-13 10:38:36 AM|DEBUG|1862|GOLANG-001-004|btTag=10
2023-06-13 10:38:36 AM|DEBUG|1862|GOLANG-001-004|eventId2=19, eventId4=19
2023-06-13 10:38:36 AM|DEBUG|1862|GOLANG-001-004|cputime=
2023-06-13 10:42:03 AM|DEBUG|1863|GOLANG-001-005|btTag=10
2023-06-13 10:42:03 AM|DEBUG|1863|GOLANG-001-005|eventId2=20, eventId4=20
2023-06-13 10:42:03 AM|DEBUG|1863|GOLANG-001-005|cputime=411363838
2023-06-13 10:45:30 AM|DEBUG|1864|GOLANG-001-006|eventId2=19, eventId4=19
2023-06-13 10:45:30 AM|DEBUG|1864|GOLANG-001-006|[200 200 200 200 200 200 200 200 200 200 200 200 200 200 200 200 200 200 200]
2023-06-13 10:49:00 AM|DEBUG|1865|GOLANG-001-007|absTimeStampTest=1686671134, bciTimeStamp=298136742, absTimeInSecs=1686671142, diff=8
2023-06-13 10:52:27 AM|DEBUG|1866|GOLANG-001-008|eventId2=20, eventId4=20, sequenceBlob=15:0_0_0__16:0_0_0__16:0_1_12_0___15:0_1_12_0___, entryMethodId=15:0, actualEntryPoint=
2023-06-13 10:56:17 AM|DEBUG|1867|GOLANG-001-009|btTag=10
2023-06-13 11:57:26 AM|ERROR|1894|GOLANG-009-001|Testcase name not found
2023-06-13 12:01:19 PM|ERROR|1895|GOLANG-009-001|Testcase name not found
2023-06-14 06:48:23 AM|DEBUG|1906|GOLANG-001-001|eventId2=0, eventId4=0
2023-06-14 06:51:49 AM|DEBUG|1907|GOLANG-001-002|btTag=10
2023-06-14 06:51:49 AM|DEBUG|1907|GOLANG-001-002|eventId2=4, eventId4=4
2023-06-14 06:51:49 AM|DEBUG|1907|GOLANG-001-002|cputime=
2023-06-14 09:42:27 AM|DEBUG|1909|GOLANG-001-001|eventId2=0, eventId4=0
2023-06-14 09:45:56 AM|DEBUG|1910|GOLANG-001-002|btTag=10
2023-06-14 09:45:56 AM|DEBUG|1910|GOLANG-001-002|eventId2=4, eventId4=4
2023-06-14 09:45:56 AM|DEBUG|1910|GOLANG-001-002|cputime=
2023-06-14 09:49:22 AM|DEBUG|1911|GOLANG-001-003|btTag=10
2023-06-14 09:49:22 AM|DEBUG|1911|GOLANG-001-003|eventId2=6, eventId4=6
2023-06-14 09:49:23 AM|DEBUG|1911|GOLANG-001-003|cputime=46323763
2023-06-14 09:52:52 AM|DEBUG|1912|GOLANG-001-004|btTag=10
2023-06-14 09:52:53 AM|DEBUG|1912|GOLANG-001-004|eventId2=8, eventId4=8
2023-06-14 09:52:53 AM|DEBUG|1912|GOLANG-001-004|cputime=
2023-06-14 09:56:19 AM|DEBUG|1913|GOLANG-001-005|btTag=10
2023-06-14 09:56:19 AM|DEBUG|1913|GOLANG-001-005|eventId2=11, eventId4=11
2023-06-14 09:56:19 AM|DEBUG|1913|GOLANG-001-005|cputime=34101471
2023-06-14 09:59:45 AM|DEBUG|1914|GOLANG-001-006|eventId2=12, eventId4=12
2023-06-14 09:59:45 AM|DEBUG|1914|GOLANG-001-006|[200 200 200 200 200 200 200 200 200 200 200 200]
2023-06-14 10:03:13 AM|DEBUG|1915|GOLANG-001-007|absTimeStampTest=1686754790, bciTimeStamp=298220398, absTimeInSecs=1686754798, diff=8
2023-06-14 10:06:59 AM|DEBUG|1916|GOLANG-001-008|eventId2=12, eventId4=12, sequenceBlob=15:0_0_0__16:0_0_0__16:0_1_4_0___15:0_1_4_0___, entryMethodId=15:0, actualEntryPoint=
2023-06-14 10:10:26 AM|DEBUG|1917|GOLANG-001-009|btTag=10
2023-06-19 10:10:33 AM|DEBUG|1945|GOLANG-001-002|btTag=10
2023-06-19 10:10:33 AM|DEBUG|1945|GOLANG-001-002|eventId2=2, eventId4=2
2023-06-19 10:10:33 AM|DEBUG|1945|GOLANG-001-002|cputime=
2023-06-19 10:14:05 AM|DEBUG|1946|GOLANG-001-003|btTag=10
2023-06-19 10:14:05 AM|DEBUG|1946|GOLANG-001-003|eventId2=9, eventId4=9
2023-06-19 10:14:05 AM|DEBUG|1946|GOLANG-001-003|cputime=35859276
2023-06-19 10:17:33 AM|DEBUG|1947|GOLANG-001-004|btTag=10
2023-06-19 10:17:34 AM|DEBUG|1947|GOLANG-001-004|eventId2=10, eventId4=10
2023-06-19 10:17:34 AM|DEBUG|1947|GOLANG-001-004|cputime=
2023-06-19 10:21:27 AM|DEBUG|1948|GOLANG-001-005|btTag=10
2023-06-19 10:21:27 AM|DEBUG|1948|GOLANG-001-005|eventId2=13, eventId4=13
2023-06-19 10:21:27 AM|DEBUG|1948|GOLANG-001-005|cputime=458682115
2023-06-19 10:24:58 AM|DEBUG|1949|GOLANG-001-006|eventId2=12, eventId4=12
2023-06-19 10:24:59 AM|DEBUG|1949|GOLANG-001-006|[200 200 200 200 200 200 200 200 200 200 200 200]
2023-06-19 10:28:34 AM|DEBUG|1950|GOLANG-001-007|absTimeStampTest=1687188305, bciTimeStamp=298653920, absTimeInSecs=1687188320, diff=15
2023-06-19 10:32:22 AM|DEBUG|1951|GOLANG-001-008|eventId2=12, eventId4=12, sequenceBlob=13:0_0_0__14:0_0_0__14:0_1_5_0___13:0_1_5_0___, entryMethodId=13:0, actualEntryPoint=
2023-06-19 10:36:20 AM|DEBUG|1952|GOLANG-001-009|btTag=10
2023-06-20 10:04:54 AM|DEBUG|1979|GOLANG-001-001|eventId2=0, eventId4=0
2023-06-20 10:08:13 AM|DEBUG|1980|GOLANG-001-002|btTag=10
2023-06-20 10:08:13 AM|DEBUG|1980|GOLANG-001-002|eventId2=3, eventId4=3
2023-06-20 10:08:13 AM|DEBUG|1980|GOLANG-001-002|cputime=
2023-06-20 10:11:39 AM|DEBUG|1981|GOLANG-001-003|btTag=10
2023-06-20 10:11:39 AM|DEBUG|1981|GOLANG-001-003|eventId2=6, eventId4=6
2023-06-20 10:11:39 AM|DEBUG|1981|GOLANG-001-003|cputime=0
2023-06-20 10:15:06 AM|DEBUG|1982|GOLANG-001-004|btTag=10
2023-06-20 10:15:06 AM|DEBUG|1982|GOLANG-001-004|eventId2=10, eventId4=10
2023-06-20 10:15:06 AM|DEBUG|1982|GOLANG-001-004|cputime=
2023-06-20 10:18:51 AM|DEBUG|1983|GOLANG-001-005|btTag=10
2023-06-20 10:18:51 AM|DEBUG|1983|GOLANG-001-005|eventId2=12, eventId4=12
2023-06-20 10:18:52 AM|DEBUG|1983|GOLANG-001-005|cputime=0
2023-06-20 10:22:21 AM|DEBUG|1984|GOLANG-001-006|eventId2=11, eventId4=11
2023-06-20 10:22:21 AM|DEBUG|1984|GOLANG-001-006|[200 200 200 200 200 200 200 200 200 200 200]
2023-06-20 10:25:47 AM|DEBUG|1985|GOLANG-001-007|absTimeStampTest=1687274545, bciTimeStamp=298740153, absTimeInSecs=1687274553, diff=8
2023-06-20 10:29:37 AM|DEBUG|1986|GOLANG-001-008|eventId2=12, eventId4=12, sequenceBlob=25:0_0_0__26:0_0_0__26:0_1_4_0___25:0_1_4_0___, entryMethodId=25:0, actualEntryPoint=
2023-06-20 10:33:04 AM|DEBUG|1987|GOLANG-001-009|btTag=10
2023-08-16 03:30:57 PM|ERROR|1002|NA|Testcase name not found
2023-08-16 03:31:01 PM|ERROR|1003|NA|Testcase name not found
2023-08-16 03:31:05 PM|ERROR|1004|NA|Testcase name not found
2023-08-16 03:31:08 PM|ERROR|1005|NA|Testcase name not found
2023-08-16 03:31:12 PM|ERROR|1006|NA|Testcase name not found
2023-08-16 03:51:19 PM|ERROR|1007|NA|Testcase name not found
2023-08-16 03:51:22 PM|ERROR|1008|NA|Testcase name not found
2023-08-16 03:51:26 PM|ERROR|1009|NA|Testcase name not found
2023-08-16 03:51:30 PM|ERROR|1010|NA|Testcase name not found
2023-08-16 03:51:34 PM|ERROR|1011|NA|Testcase name not found
2023-08-16 03:51:38 PM|ERROR|1012|NA|Testcase name not found
2023-08-16 03:51:42 PM|ERROR|1013|NA|Testcase name not found
2023-08-16 03:51:46 PM|ERROR|1014|NA|Testcase name not found
2023-08-16 03:51:50 PM|ERROR|1015|NA|Testcase name not found
2023-08-16 03:52:10 PM|ERROR|1016|NA|Testcase name not found
2023-08-16 03:52:30 PM|ERROR|1017|NA|Testcase name not found
2023-08-16 03:52:51 PM|ERROR|1018|NA|Testcase name not found
2023-08-16 03:52:55 PM|ERROR|1019|NA|Testcase name not found
2023-08-16 03:52:59 PM|ERROR|1020|NA|Testcase name not found
2023-08-16 03:53:03 PM|ERROR|1021|NA|Testcase name not found
2023-08-16 03:53:07 PM|ERROR|1022|NA|Testcase name not found
2023-08-16 03:53:11 PM|ERROR|1023|NA|Testcase name not found
2023-08-16 03:53:15 PM|ERROR|1024|NA|Testcase name not found
2023-08-16 03:53:20 PM|ERROR|1025|NA|Testcase name not found
2023-08-16 03:53:24 PM|ERROR|1026|NA|Testcase name not found
2023-08-16 03:53:28 PM|ERROR|1027|NA|Testcase name not found
2023-08-16 03:53:32 PM|ERROR|1028|NA|Testcase name not found
2023-08-16 03:53:36 PM|ERROR|1029|NA|Testcase name not found
2023-08-16 03:53:40 PM|ERROR|1030|NA|Testcase name not found
2023-08-16 03:53:44 PM|ERROR|1031|NA|Testcase name not found
2023-08-16 03:53:48 PM|ERROR|1032|NA|Testcase name not found
2023-08-16 03:53:52 PM|ERROR|1033|NA|Testcase name not found
2023-08-16 03:53:57 PM|ERROR|1034|NA|Testcase name not found
2023-08-16 03:54:01 PM|ERROR|1035|NA|Testcase name not found
2023-08-16 03:54:05 PM|ERROR|1036|NA|Testcase name not found
2023-08-16 03:54:09 PM|ERROR|1037|NA|Testcase name not found
2023-08-16 03:54:13 PM|ERROR|1038|NA|Testcase name not found
2023-08-16 03:54:17 PM|ERROR|1039|NA|Testcase name not found
2023-08-16 03:54:21 PM|ERROR|1040|NA|Testcase name not found
2023-08-16 03:55:43 PM|ERROR|1041|NA|Testcase name not found
2023-08-16 04:00:17 PM|ERROR|1042|NA|Testcase name not found
2023-08-16 04:00:21 PM|ERROR|1043|NA|Testcase name not found
2023-08-16 04:00:25 PM|ERROR|1044|NA|Testcase name not found
2023-08-16 04:00:29 PM|ERROR|1045|NA|Testcase name not found
2023-08-16 04:00:33 PM|ERROR|1046|NA|Testcase name not found
2023-08-16 04:00:37 PM|ERROR|1047|NA|Testcase name not found
2023-08-16 04:00:41 PM|ERROR|1048|NA|Testcase name not found
2023-08-16 04:00:45 PM|ERROR|1049|NA|Testcase name not found
2023-08-16 04:00:49 PM|ERROR|1050|NA|Testcase name not found
2023-08-16 04:01:10 PM|ERROR|1051|NA|Testcase name not found
2023-08-16 04:01:31 PM|ERROR|1052|NA|Testcase name not found
2023-08-16 04:01:51 PM|ERROR|1053|NA|Testcase name not found
2023-08-16 04:01:55 PM|ERROR|1054|NA|Testcase name not found
2023-08-16 04:02:00 PM|ERROR|1055|NA|Testcase name not found
2023-08-16 04:02:04 PM|ERROR|1056|NA|Testcase name not found
2023-08-16 04:02:08 PM|ERROR|1057|NA|Testcase name not found
2023-08-16 04:02:12 PM|ERROR|1058|NA|Testcase name not found
2023-08-16 04:02:17 PM|ERROR|1059|NA|Testcase name not found
2023-08-16 04:02:21 PM|ERROR|1060|NA|Testcase name not found
2023-08-16 04:02:25 PM|ERROR|1061|NA|Testcase name not found
2023-08-16 04:02:29 PM|ERROR|1062|NA|Testcase name not found
2023-08-16 04:02:34 PM|ERROR|1063|NA|Testcase name not found
2023-08-16 04:02:38 PM|ERROR|1064|NA|Testcase name not found
2023-08-16 04:02:42 PM|ERROR|1065|NA|Testcase name not found
2023-08-16 04:02:46 PM|ERROR|1066|NA|Testcase name not found
2023-08-16 04:02:51 PM|ERROR|1067|NA|Testcase name not found
2023-08-16 04:02:55 PM|ERROR|1068|NA|Testcase name not found
2023-08-16 04:03:00 PM|ERROR|1069|NA|Testcase name not found
2023-08-16 04:03:04 PM|ERROR|1070|NA|Testcase name not found
2023-08-16 04:03:08 PM|ERROR|1071|NA|Testcase name not found
2023-08-16 04:03:12 PM|ERROR|1072|NA|Testcase name not found
2023-08-16 04:03:17 PM|ERROR|1073|NA|Testcase name not found
2023-08-16 04:03:21 PM|ERROR|1074|NA|Testcase name not found
2023-08-16 04:03:25 PM|ERROR|1075|NA|Testcase name not found
2023-08-16 04:04:47 PM|ERROR|1076|NA|Testcase name not found
2023-08-16 07:53:26 PM|ERROR|NA|NA|Testcase name not found
2023-08-16 07:53:37 PM|ERROR|NA|NA|Testcase name not found
2023-08-16 07:53:49 PM|ERROR|NA|NA|Testcase name not found
2023-08-16 07:53:57 PM|ERROR|NA|NA|Testcase name not found
2023-08-16 07:54:04 PM|ERROR|NA|NA|Testcase name not found
2023-08-16 07:54:08 PM|ERROR|NA|NA|Testcase name not found
2023-08-16 07:54:19 PM|ERROR|NA|NA|Testcase name not found
2023-08-16 07:54:24 PM|ERROR|NA|NA|Testcase name not found
2023-08-16 07:54:29 PM|ERROR|NA|NA|Testcase name not found
2023-08-16 07:54:50 PM|ERROR|NA|NA|Testcase name not found
2023-08-16 07:54:58 PM|ERROR|NA|NA|Testcase name not found
2023-08-17 12:12:15 PM|ERROR|1077|NA|Testcase name not found
2023-08-17 12:12:18 PM|ERROR|1078|NA|Testcase name not found
2023-08-17 12:12:22 PM|ERROR|1079|NA|Testcase name not found
2023-08-17 12:12:26 PM|ERROR|1080|NA|Testcase name not found
2023-08-17 12:12:30 PM|ERROR|1081|NA|Testcase name not found
2023-08-17 12:12:34 PM|ERROR|1082|NA|Testcase name not found
2023-08-17 12:12:37 PM|ERROR|1083|NA|Testcase name not found
2023-08-17 12:12:41 PM|ERROR|1084|NA|Testcase name not found
2023-08-17 12:12:45 PM|ERROR|1085|NA|Testcase name not found
2023-08-17 12:13:05 PM|ERROR|1086|NA|Testcase name not found
2023-08-17 12:13:25 PM|ERROR|1087|NA|Testcase name not found
2023-08-17 12:13:46 PM|ERROR|1088|NA|Testcase name not found
2023-08-17 12:13:50 PM|ERROR|1089|NA|Testcase name not found
2023-08-17 12:13:54 PM|ERROR|1090|NA|Testcase name not found
2023-08-17 12:13:58 PM|ERROR|1091|NA|Testcase name not found
2023-08-17 12:14:02 PM|ERROR|1092|NA|Testcase name not found
2023-08-17 12:14:06 PM|ERROR|1093|NA|Testcase name not found
2023-08-17 12:14:10 PM|ERROR|1094|NA|Testcase name not found
2023-08-17 12:14:14 PM|ERROR|1095|NA|Testcase name not found
2023-08-17 12:14:18 PM|ERROR|1096|NA|Testcase name not found
2023-08-17 12:14:22 PM|ERROR|1097|NA|Testcase name not found
2023-08-17 12:14:26 PM|ERROR|1098|NA|Testcase name not found
2023-08-17 12:14:30 PM|ERROR|1099|NA|Testcase name not found
2023-08-17 12:14:34 PM|ERROR|1100|NA|Testcase name not found
2023-08-17 12:14:39 PM|ERROR|1101|NA|Testcase name not found
2023-08-17 12:14:43 PM|ERROR|1102|NA|Testcase name not found
2023-08-17 12:14:47 PM|ERROR|1103|NA|Testcase name not found
2023-08-17 12:14:52 PM|ERROR|1104|NA|Testcase name not found
2023-08-17 12:14:56 PM|ERROR|1105|NA|Testcase name not found
2023-08-17 12:15:00 PM|ERROR|1106|NA|Testcase name not found
2023-08-17 12:15:04 PM|ERROR|1107|NA|Testcase name not found
2023-08-17 12:15:07 PM|ERROR|1108|NA|Testcase name not found
2023-08-17 12:15:12 PM|ERROR|1109|NA|Testcase name not found
2023-08-17 12:15:16 PM|ERROR|1110|NA|Testcase name not found
2023-08-17 12:16:37 PM|ERROR|1111|NA|Testcase name not found
2023-08-17 04:20:12 PM|ERROR|1112|NA|Testcase name not found
2023-08-17 04:20:15 PM|ERROR|1113|NA|Testcase name not found
2023-08-17 04:20:19 PM|ERROR|1114|NA|Testcase name not found
2023-08-17 04:20:23 PM|ERROR|1115|NA|Testcase name not found
2023-08-17 04:20:27 PM|ERROR|1116|NA|Testcase name not found
2023-08-17 04:20:31 PM|ERROR|1117|NA|Testcase name not found
2023-08-17 04:20:35 PM|ERROR|1118|NA|Testcase name not found
2023-08-17 04:20:38 PM|ERROR|1119|NA|Testcase name not found
2023-08-17 04:20:43 PM|ERROR|1120|NA|Testcase name not found
2023-08-17 04:21:03 PM|ERROR|1121|NA|Testcase name not found
2023-08-17 04:21:23 PM|ERROR|1122|NA|Testcase name not found
2023-08-17 04:21:44 PM|ERROR|1123|NA|Testcase name not found
2023-08-17 04:21:48 PM|ERROR|1124|NA|Testcase name not found
2023-08-17 04:21:52 PM|ERROR|1125|NA|Testcase name not found
2023-08-17 04:21:56 PM|ERROR|1126|NA|Testcase name not found
2023-08-17 04:22:00 PM|ERROR|1127|NA|Testcase name not found
2023-08-17 04:22:04 PM|ERROR|1128|NA|Testcase name not found
2023-08-17 04:22:08 PM|ERROR|1129|NA|Testcase name not found
2023-08-17 04:22:12 PM|ERROR|1130|NA|Testcase name not found
2023-08-17 04:22:16 PM|ERROR|1131|NA|Testcase name not found
2023-08-17 04:22:20 PM|ERROR|1132|NA|Testcase name not found
2023-08-17 04:22:24 PM|ERROR|1133|NA|Testcase name not found
2023-08-17 04:22:28 PM|ERROR|1134|NA|Testcase name not found
2023-08-17 04:22:32 PM|ERROR|1135|NA|Testcase name not found
2023-08-17 04:22:37 PM|ERROR|1136|NA|Testcase name not found
2023-08-17 04:22:41 PM|ERROR|1137|NA|Testcase name not found
2023-08-17 04:22:45 PM|ERROR|1138|NA|Testcase name not found
2023-08-17 04:22:49 PM|ERROR|1139|NA|Testcase name not found
2023-08-17 04:22:53 PM|ERROR|1140|NA|Testcase name not found
2023-08-17 04:22:57 PM|ERROR|1141|NA|Testcase name not found
2023-08-17 04:23:01 PM|ERROR|1142|NA|Testcase name not found
2023-08-17 04:23:06 PM|ERROR|1143|NA|Testcase name not found
2023-08-17 04:23:10 PM|ERROR|1144|NA|Testcase name not found
2023-08-17 04:23:14 PM|ERROR|1145|NA|Testcase name not found
2023-08-17 04:24:35 PM|ERROR|1146|NA|Testcase name not found
2023-08-17 04:56:40 PM|ERROR|1147|NA|Testcase name not found
2023-08-17 04:56:43 PM|ERROR|1148|NA|Testcase name not found
2023-08-17 04:56:47 PM|ERROR|1149|NA|Testcase name not found
2023-08-17 04:56:51 PM|ERROR|1150|NA|Testcase name not found
2023-08-17 04:56:55 PM|ERROR|1151|NA|Testcase name not found
2023-08-17 04:56:59 PM|ERROR|1152|NA|Testcase name not found
2023-08-17 04:57:03 PM|ERROR|1153|NA|Testcase name not found
2023-08-17 04:57:07 PM|ERROR|1154|NA|Testcase name not found
2023-08-17 04:57:11 PM|ERROR|1155|NA|Testcase name not found
2023-08-17 04:57:32 PM|ERROR|1156|NA|Testcase name not found
2023-08-17 04:57:52 PM|ERROR|1157|NA|Testcase name not found
2023-08-17 04:58:13 PM|ERROR|1158|NA|Testcase name not found
2023-08-17 04:58:17 PM|ERROR|1159|NA|Testcase name not found
2023-08-17 04:58:21 PM|ERROR|1160|NA|Testcase name not found
2023-08-17 04:58:25 PM|ERROR|1161|NA|Testcase name not found
2023-08-17 04:58:29 PM|ERROR|1162|NA|Testcase name not found
2023-08-17 04:58:33 PM|ERROR|1163|NA|Testcase name not found
2023-08-17 04:58:37 PM|ERROR|1164|NA|Testcase name not found
2023-08-17 04:58:41 PM|ERROR|1165|NA|Testcase name not found
2023-08-17 04:58:45 PM|ERROR|1166|NA|Testcase name not found
2023-08-17 04:58:49 PM|ERROR|1167|NA|Testcase name not found
2023-08-17 04:58:53 PM|ERROR|1168|NA|Testcase name not found
2023-08-17 04:58:58 PM|ERROR|1169|NA|Testcase name not found
2023-08-17 04:59:02 PM|ERROR|1170|NA|Testcase name not found
2023-08-17 04:59:06 PM|ERROR|1171|NA|Testcase name not found
2023-08-17 04:59:10 PM|ERROR|1172|NA|Testcase name not found
2023-08-17 04:59:14 PM|ERROR|1173|NA|Testcase name not found
2023-08-17 04:59:18 PM|ERROR|1174|NA|Testcase name not found
2023-08-17 04:59:23 PM|ERROR|1175|NA|Testcase name not found
2023-08-17 04:59:27 PM|ERROR|1176|NA|Testcase name not found
2023-08-17 04:59:31 PM|ERROR|1177|NA|Testcase name not found
2023-08-17 04:59:35 PM|ERROR|1178|NA|Testcase name not found
2023-08-17 04:59:39 PM|ERROR|1179|NA|Testcase name not found
2023-08-17 04:59:43 PM|ERROR|1180|NA|Testcase name not found
2023-08-17 05:01:05 PM|ERROR|1181|NA|Testcase name not found
2023-08-17 05:10:01 PM|ERROR|1182|NA|Testcase name not found
2023-08-17 05:10:05 PM|ERROR|1183|NA|Testcase name not found
2023-08-17 05:10:09 PM|ERROR|1184|NA|Testcase name not found
2023-08-17 05:10:13 PM|ERROR|1185|NA|Testcase name not found
2023-08-17 05:10:18 PM|ERROR|1186|NA|Testcase name not found
2023-08-17 05:10:22 PM|ERROR|1187|NA|Testcase name not found
2023-08-17 05:50:59 PM|ERROR|1188|NA|Testcase name not found
2023-08-17 05:51:03 PM|ERROR|1189|NA|Testcase name not found
2023-08-17 05:51:07 PM|ERROR|1190|NA|Testcase name not found
2023-08-17 05:51:11 PM|ERROR|1191|NA|Testcase name not found
2023-08-17 05:51:15 PM|ERROR|1192|NA|Testcase name not found
2023-08-17 05:51:19 PM|ERROR|1193|NA|Testcase name not found
2023-08-17 05:51:23 PM|ERROR|1194|NA|Testcase name not found
2023-08-17 05:51:27 PM|ERROR|1195|NA|Testcase name not found
2023-08-17 05:51:31 PM|ERROR|1196|NA|Testcase name not found
2023-09-12 05:06:59 PM|ERROR|NA|NA|Testcase name not found
2023-09-13 01:18:30 PM|ERROR|1197|NA|Testcase name not found
2023-09-13 01:18:33 PM|ERROR|1198|NA|Testcase name not found
2023-09-13 01:18:38 PM|ERROR|1199|NA|Testcase name not found
2023-09-13 01:18:42 PM|ERROR|1200|NA|Testcase name not found
2023-09-13 01:18:46 PM|ERROR|1201|NA|Testcase name not found
2023-09-13 01:18:50 PM|ERROR|1202|NA|Testcase name not found
2023-09-13 01:18:54 PM|ERROR|1203|NA|Testcase name not found
2023-09-13 01:18:58 PM|ERROR|1204|NA|Testcase name not found
2023-09-13 01:19:02 PM|ERROR|1205|NA|Testcase name not found
2023-09-13 01:19:43 PM|ERROR|1206|NA|Testcase name not found
2023-09-13 01:19:47 PM|ERROR|1207|NA|Testcase name not found
2023-09-13 01:19:50 PM|ERROR|1208|NA|Testcase name not found
2023-09-13 01:19:54 PM|ERROR|1209|NA|Testcase name not found
2023-09-13 01:19:58 PM|ERROR|1210|NA|Testcase name not found
2023-09-13 01:20:02 PM|ERROR|1211|NA|Testcase name not found
2023-09-13 01:20:06 PM|ERROR|1212|NA|Testcase name not found
2023-09-13 01:20:10 PM|ERROR|1213|NA|Testcase name not found
2023-09-13 01:20:14 PM|ERROR|1214|NA|Testcase name not found
2023-09-13 01:24:41 PM|ERROR|1215|NA|Testcase name not found
2023-09-13 01:24:45 PM|ERROR|1216|NA|Testcase name not found
2023-09-13 01:24:49 PM|ERROR|1217|NA|Testcase name not found
2023-09-13 01:24:53 PM|ERROR|1218|NA|Testcase name not found
2023-09-13 01:24:57 PM|ERROR|1219|NA|Testcase name not found
2023-09-13 01:25:01 PM|ERROR|1220|NA|Testcase name not found
2023-09-13 01:25:05 PM|ERROR|1221|NA|Testcase name not found
2023-09-13 01:25:09 PM|ERROR|1222|NA|Testcase name not found
2023-09-13 01:25:13 PM|ERROR|1223|NA|Testcase name not found
2023-09-14 01:16:07 PM|ERROR|1224|NA|Testcase name not found
2023-09-14 01:16:13 PM|ERROR|1225|NA|Testcase name not found
2023-09-14 01:16:19 PM|ERROR|1226|NA|Testcase name not found
2023-09-14 01:16:24 PM|ERROR|1227|NA|Testcase name not found
2023-09-14 01:16:30 PM|ERROR|1228|NA|Testcase name not found
2023-09-14 01:16:36 PM|ERROR|1229|NA|Testcase name not found
2023-09-14 01:16:42 PM|ERROR|1230|NA|Testcase name not found
2023-09-14 01:16:48 PM|ERROR|1231|NA|Testcase name not found
2023-09-14 01:16:54 PM|ERROR|1232|NA|Testcase name not found
2023-10-05 04:52:26 PM|DEBUG|1293|GOLANG-001-001|eventId2=0, eventId4=0
2023-10-05 04:56:08 PM|DEBUG|1294|GOLANG-001-002|btTag=10
2023-10-05 04:56:08 PM|DEBUG|1294|GOLANG-001-002|eventId2=1, eventId4=1
2023-10-05 04:56:08 PM|DEBUG|1294|GOLANG-001-002|cputime=
2023-10-05 04:59:52 PM|DEBUG|1295|GOLANG-001-003|btTag=10
2023-10-05 04:59:52 PM|DEBUG|1295|GOLANG-001-003|eventId2=4, eventId4=4
2023-10-05 04:59:52 PM|DEBUG|1295|GOLANG-001-003|cputime=72464504
2023-10-05 05:03:36 PM|DEBUG|1296|GOLANG-001-004|btTag=10
2023-10-05 05:03:36 PM|DEBUG|1296|GOLANG-001-004|eventId2=4, eventId4=4
2023-10-05 05:03:36 PM|DEBUG|1296|GOLANG-001-004|cputime=
2023-10-05 05:07:22 PM|DEBUG|1297|GOLANG-001-005|btTag=10
2023-10-05 05:07:22 PM|DEBUG|1297|GOLANG-001-005|eventId2=7, eventId4=7
2023-10-05 05:07:22 PM|DEBUG|1297|GOLANG-001-005|cputime=2046343
2023-10-05 05:11:06 PM|DEBUG|1298|GOLANG-001-006|eventId2=7, eventId4=7
2023-10-05 05:11:06 PM|DEBUG|1298|GOLANG-001-006|[200 200 200 200 200 200 200]
2023-10-05 05:14:50 PM|DEBUG|1299|GOLANG-001-007|absTimeStampTest=1696506070, bciTimeStamp=60, absTimeInSecs=1388534460, diff=307971610
2023-10-05 05:18:32 PM|DEBUG|1300|GOLANG-001-008|eventId2=7, eventId4=7, sequenceBlob=15:0_0_0__16:0_0_0__16:0_1_6_0___15:0_1_6_0___, entryMethodId=15:0, actualEntryPoint=
2023-10-05 05:22:14 PM|DEBUG|1301|GOLANG-001-009|btTag=10
2023-10-16 10:35:16 AM|DEBUG|1324|GOLANG-001-001|eventId2=0, eventId4=0
2023-10-16 10:39:00 AM|DEBUG|1325|GOLANG-001-002|btTag=10
2023-10-16 10:39:00 AM|DEBUG|1325|GOLANG-001-002|eventId2=1, eventId4=1
2023-10-16 10:39:00 AM|DEBUG|1325|GOLANG-001-002|cputime=
2023-10-16 10:42:44 AM|DEBUG|1326|GOLANG-001-003|btTag=10
2023-10-16 10:42:44 AM|DEBUG|1326|GOLANG-001-003|eventId2=3, eventId4=3
2023-10-16 10:42:44 AM|DEBUG|1326|GOLANG-001-003|cputime=2142865
2023-10-16 10:46:26 AM|DEBUG|1327|GOLANG-001-004|btTag=10
2023-10-16 10:46:26 AM|DEBUG|1327|GOLANG-001-004|eventId2=6, eventId4=6
2023-10-16 10:46:26 AM|DEBUG|1327|GOLANG-001-004|cputime=
2023-10-16 10:50:12 AM|DEBUG|1328|GOLANG-001-005|btTag=10
2023-10-16 10:50:12 AM|DEBUG|1328|GOLANG-001-005|eventId2=7, eventId4=7
2023-10-16 10:50:12 AM|DEBUG|1328|GOLANG-001-005|cputime=159562489
2023-10-16 10:53:54 AM|DEBUG|1329|GOLANG-001-006|eventId2=6, eventId4=6
2023-10-16 10:53:54 AM|DEBUG|1329|GOLANG-001-006|[200 200 200 200 200 200]
2023-10-16 10:57:53 AM|DEBUG|1330|GOLANG-001-007|absTimeStampTest=1697433839, bciTimeStamp=60, absTimeInSecs=1388534460, diff=308899379
2023-10-16 11:01:48 AM|DEBUG|1331|GOLANG-001-008|eventId2=6, eventId4=6, sequenceBlob=15:0_0_0__16:0_0_0__16:0_1_2_0___15:0_1_2_0___, entryMethodId=15:0, actualEntryPoint=
2023-10-16 11:05:34 AM|DEBUG|1332|GOLANG-001-009|btTag=10
2023-10-16 11:05:59 AM|ERROR|1333|NA|Testcase name not found
2023-10-16 11:06:23 AM|ERROR|1334|NA|Testcase name not found
2023-10-16 11:06:48 AM|ERROR|1335|NA|Testcase name not found
2023-10-16 11:06:55 AM|ERROR|1336|NA|Testcase name not found
2023-10-16 11:07:03 AM|ERROR|1337|NA|Testcase name not found
2023-10-16 11:07:10 AM|ERROR|1338|NA|Testcase name not found
2023-10-16 11:07:18 AM|ERROR|1339|NA|Testcase name not found
2023-10-16 11:07:25 AM|ERROR|1340|NA|Testcase name not found
2023-10-16 11:07:32 AM|ERROR|1341|NA|Testcase name not found
2023-10-16 11:07:39 AM|ERROR|1342|NA|Testcase name not found
2023-10-16 11:07:47 AM|ERROR|1343|NA|Testcase name not found
2023-10-16 11:07:54 AM|ERROR|1344|NA|Testcase name not found
2023-10-16 11:08:01 AM|ERROR|1345|NA|Testcase name not found
2023-10-16 11:08:09 AM|ERROR|1346|NA|Testcase name not found
2023-10-16 11:08:16 AM|ERROR|1347|NA|Testcase name not found
2023-10-16 11:08:23 AM|ERROR|1348|NA|Testcase name not found
2023-10-16 11:08:31 AM|ERROR|1349|NA|Testcase name not found
2023-10-16 11:08:38 AM|ERROR|1350|NA|Testcase name not found
2023-10-16 11:08:46 AM|ERROR|1351|NA|Testcase name not found
2023-10-16 11:08:53 AM|ERROR|1352|NA|Testcase name not found
2023-10-16 11:09:01 AM|ERROR|1353|NA|Testcase name not found
2023-10-16 11:09:08 AM|ERROR|1354|NA|Testcase name not found
2023-10-16 11:09:16 AM|ERROR|1355|NA|Testcase name not found
2023-10-16 11:09:23 AM|ERROR|1356|NA|Testcase name not found
2023-10-16 11:09:30 AM|ERROR|1357|NA|Testcase name not found
2023-10-16 11:10:56 AM|ERROR|1358|NA|Testcase name not found
2023-10-16 11:11:04 AM|ERROR|1359|NA|Testcase name not found
2023-10-16 11:11:11 AM|ERROR|1360|NA|Testcase name not found
2023-10-16 11:11:18 AM|ERROR|1361|NA|Testcase name not found
2023-10-16 11:48:22 AM|DEBUG|1362|GOLANG-001-001|eventId2=0, eventId4=0
2023-10-16 11:52:08 AM|DEBUG|1363|GOLANG-001-002|btTag=10
2023-10-16 11:52:08 AM|DEBUG|1363|GOLANG-001-002|eventId2=4, eventId4=4
2023-10-16 11:52:08 AM|DEBUG|1363|GOLANG-001-002|cputime=
2023-10-16 11:55:54 AM|DEBUG|1364|GOLANG-001-003|btTag=10
2023-10-16 11:55:54 AM|DEBUG|1364|GOLANG-001-003|eventId2=6, eventId4=6
2023-10-16 11:55:54 AM|DEBUG|1364|GOLANG-001-003|cputime=2363569
2023-10-16 11:59:39 AM|DEBUG|1365|GOLANG-001-004|btTag=10
2023-10-16 11:59:39 AM|DEBUG|1365|GOLANG-001-004|eventId2=3, eventId4=3
2023-10-16 11:59:39 AM|DEBUG|1365|GOLANG-001-004|cputime=
2023-10-16 12:04:08 PM|DEBUG|1366|GOLANG-001-005|btTag=10
2023-10-16 12:04:08 PM|DEBUG|1366|GOLANG-001-005|eventId2=7, eventId4=7
2023-10-16 12:04:08 PM|DEBUG|1366|GOLANG-001-005|cputime=2383791
2023-10-16 12:07:56 PM|DEBUG|1367|GOLANG-001-006|eventId2=7, eventId4=7
2023-10-16 12:07:56 PM|DEBUG|1367|GOLANG-001-006|[200 200 200 200 200 200 200]
2023-10-16 12:11:40 PM|DEBUG|1368|GOLANG-001-007|absTimeStampTest=1697438281, bciTimeStamp=61, absTimeInSecs=1388534461, diff=308903820
2023-10-16 12:15:20 PM|DEBUG|1369|GOLANG-001-008|eventId2=7, eventId4=7, sequenceBlob=15:0_0_0__16:0_0_0__16:0_1_5_0___15:0_1_5_0___, entryMethodId=15:0, actualEntryPoint=
2023-10-16 12:19:04 PM|DEBUG|1370|GOLANG-001-009|btTag=10
2023-10-16 01:32:12 PM|DEBUG|1389|GOLANG-006-001|url_filed: /metrics and correlation_filed: 
2023-10-16 02:05:00 PM|ERROR|1397|GOLANG-009-001|Testcase name not found
2023-10-16 02:08:46 PM|ERROR|1398|GOLANG-009-001|Testcase name not found
2023-10-16 02:12:34 PM|DEBUG|1399|GOLANG-011-001|eventId2=1, eventId4=1
2023-10-18 07:59:16 PM|DEBUG|1402|GOLANG-001-001|eventId2=0, eventId4=0
2023-10-18 08:03:02 PM|DEBUG|1403|GOLANG-001-002|btTag=10
2023-10-18 08:03:02 PM|DEBUG|1403|GOLANG-001-002|eventId2=1, eventId4=1
2023-10-18 08:03:02 PM|DEBUG|1403|GOLANG-001-002|cputime=
2023-10-18 08:06:44 PM|DEBUG|1404|GOLANG-001-003|btTag=10
2023-10-18 08:06:44 PM|DEBUG|1404|GOLANG-001-003|eventId2=3, eventId4=3
2023-10-18 08:06:44 PM|DEBUG|1404|GOLANG-001-003|cputime=5120777
2023-10-18 08:10:26 PM|DEBUG|1405|GOLANG-001-004|btTag=10
2023-10-18 08:10:26 PM|DEBUG|1405|GOLANG-001-004|eventId2=6, eventId4=6
2023-10-18 08:10:26 PM|DEBUG|1405|GOLANG-001-004|cputime=
2023-10-18 08:14:08 PM|DEBUG|1406|GOLANG-001-005|btTag=10
2023-10-18 08:14:08 PM|DEBUG|1406|GOLANG-001-005|eventId2=6, eventId4=6
2023-10-18 08:14:08 PM|DEBUG|1406|GOLANG-001-005|cputime=4471057
2023-10-18 08:17:52 PM|DEBUG|1407|GOLANG-001-006|eventId2=7, eventId4=7
2023-10-18 08:17:52 PM|DEBUG|1407|GOLANG-001-006|[200 200 200 200 200 200 200]
2023-10-18 08:21:36 PM|DEBUG|1408|GOLANG-001-007|absTimeStampTest=1697640477, bciTimeStamp=61, absTimeInSecs=1388534461, diff=309106016
2023-10-18 08:25:18 PM|DEBUG|1409|GOLANG-001-008|eventId2=6, eventId4=6, sequenceBlob=27:0_0_0__28:0_0_0__28:0_1_6_0___27:0_1_6_0___, entryMethodId=27:0, actualEntryPoint=
2023-10-18 08:29:52 PM|DEBUG|1410|GOLANG-001-009|btTag=10
2023-10-18 09:42:30 PM|DEBUG|1429|GOLANG-006-001|url_filed: /metrics and correlation_filed: 
2023-10-18 10:14:18 PM|ERROR|1437|GOLANG-009-001|Testcase name not found
2023-10-18 10:18:02 PM|ERROR|1438|GOLANG-009-001|Testcase name not found
2023-10-18 10:21:48 PM|DEBUG|1439|GOLANG-011-001|eventId2=1, eventId4=1
2023-10-25 08:14:58 PM|DEBUG|1440|GOLANG-001-001|btTag=
2023-10-25 08:18:42 PM|DEBUG|1441|GOLANG-001-002|btTag=10
2023-10-25 08:18:42 PM|DEBUG|1441|GOLANG-001-002|eventId2=1, eventId4=1
2023-10-25 08:18:42 PM|DEBUG|1441|GOLANG-001-002|cputime=
2023-10-25 08:22:26 PM|DEBUG|1442|GOLANG-001-003|btTag=10
2023-10-25 08:22:26 PM|DEBUG|1442|GOLANG-001-003|eventId2=5, eventId4=5
2023-10-25 08:22:26 PM|DEBUG|1442|GOLANG-001-003|cputime=13872522
2023-10-25 08:26:10 PM|DEBUG|1443|GOLANG-001-004|btTag=10
2023-10-25 08:26:10 PM|DEBUG|1443|GOLANG-001-004|eventId2=7, eventId4=7
2023-10-25 08:26:10 PM|DEBUG|1443|GOLANG-001-004|cputime=
2023-10-25 08:29:52 PM|DEBUG|1444|GOLANG-001-005|btTag=10
2023-10-25 08:29:52 PM|DEBUG|1444|GOLANG-001-005|eventId2=7, eventId4=7
2023-10-25 08:29:52 PM|DEBUG|1444|GOLANG-001-005|cputime=0
2023-10-25 08:33:57 PM|DEBUG|1445|GOLANG-001-006|eventId2=7, eventId4=7
2023-10-25 08:33:57 PM|DEBUG|1445|GOLANG-001-006|[200 200 200 200 200 200 200]
2023-10-25 08:37:50 PM|DEBUG|1446|GOLANG-001-007|absTimeStampTest=1698246244, bciTimeStamp=68, absTimeInSecs=1388534468, diff=309711776
2023-10-25 08:41:36 PM|DEBUG|1447|GOLANG-001-008|eventId2=7, eventId4=7, sequenceBlob=43:0_0_0__44:0_0_0__44:0_1_6_0___43:0_1_6_0___, entryMethodId=43:0, actualEntryPoint=
2023-10-25 08:45:20 PM|DEBUG|1448|GOLANG-001-009|btTag=10
2023-10-25 10:27:16 PM|ERROR|1475|GOLANG-009-001|Testcase name not found
2023-10-25 10:31:02 PM|ERROR|1476|GOLANG-009-001|Testcase name not found
2023-10-26 06:57:42 PM|DEBUG|1479|GOLANG-001-001|eventId2=0, eventId4=0
2023-10-26 07:02:15 PM|DEBUG|1480|GOLANG-001-002|btTag=10
2023-10-26 07:02:15 PM|DEBUG|1480|GOLANG-001-002|eventId2=1, eventId4=1
2023-10-26 07:02:15 PM|DEBUG|1480|GOLANG-001-002|cputime=
2023-10-26 07:13:27 PM|DEBUG|1481|GOLANG-001-003|btTag=10
2023-10-26 07:13:27 PM|DEBUG|1481|GOLANG-001-003|eventId2=4, eventId4=4
2023-10-26 07:13:27 PM|DEBUG|1481|GOLANG-001-003|cputime=3493106
2023-10-26 07:18:44 PM|DEBUG|1482|GOLANG-001-004|btTag=10
2023-10-26 07:18:44 PM|DEBUG|1482|GOLANG-001-004|eventId2=7, eventId4=7
2023-10-26 07:18:44 PM|DEBUG|1482|GOLANG-001-004|cputime=
2023-10-26 07:23:36 PM|DEBUG|1483|GOLANG-001-005|btTag=10
2023-10-26 07:23:36 PM|DEBUG|1483|GOLANG-001-005|eventId2=7, eventId4=7
2023-10-26 07:23:36 PM|DEBUG|1483|GOLANG-001-005|cputime=4304754
2023-10-26 07:29:00 PM|DEBUG|1484|GOLANG-001-006|eventId2=7, eventId4=7
2023-10-26 07:29:01 PM|DEBUG|1484|GOLANG-001-006|[200 200 200 200 200 200 200]
2023-10-26 07:33:37 PM|DEBUG|1485|GOLANG-001-007|absTimeStampTest=1698328757, bciTimeStamp=80, absTimeInSecs=1388534480, diff=309794277
2023-10-26 07:37:07 PM|DEBUG|1486|GOLANG-001-008|eventId2=3, eventId4=3, sequenceBlob=9:0_0_0__10:0_0_0__10:0_1_13_0___9:0_1_13_0___, entryMethodId=9:0, actualEntryPoint=
2023-10-26 08:22:06 PM|ERROR|1514|GOLANG-009-001|Testcase name not found
2023-10-26 08:25:50 PM|ERROR|1515|GOLANG-009-001|Testcase name not found
2023-11-22 02:45:52 PM|ERROR|1552|GOLANG-009-001|Testcase name not found
2023-11-22 02:48:37 PM|ERROR|1553|GOLANG-009-001|Testcase name not found
2023-11-22 07:49:58 PM|DEBUG|1556|GOLANG-001-002|btTag=10
2023-11-22 07:49:58 PM|DEBUG|1556|GOLANG-001-002|eventId2=1, eventId4=1
2023-11-22 07:49:58 PM|DEBUG|1556|GOLANG-001-002|cputime=
2023-11-22 07:53:42 PM|DEBUG|1557|GOLANG-001-003|btTag=10
2023-11-22 07:53:42 PM|DEBUG|1557|GOLANG-001-003|eventId2=6, eventId4=6
2023-11-22 07:53:42 PM|DEBUG|1557|GOLANG-001-003|cputime=2452484
2023-11-22 07:57:26 PM|DEBUG|1558|GOLANG-001-004|btTag=10
2023-11-22 07:57:26 PM|DEBUG|1558|GOLANG-001-004|eventId2=6, eventId4=6
2023-11-22 07:57:26 PM|DEBUG|1558|GOLANG-001-004|cputime=
2023-11-22 08:01:16 PM|DEBUG|1559|GOLANG-001-005|btTag=10
2023-11-22 08:01:16 PM|DEBUG|1559|GOLANG-001-005|eventId2=7, eventId4=7
2023-11-22 08:01:16 PM|DEBUG|1559|GOLANG-001-005|cputime=593119612
2023-11-22 08:04:56 PM|DEBUG|1560|GOLANG-001-006|eventId2=7, eventId4=7
2023-11-22 08:04:56 PM|DEBUG|1560|GOLANG-001-006|[200 200 200 200 200 200 200]
2023-11-22 08:08:40 PM|DEBUG|1561|GOLANG-001-007|absTimeStampTest=1700663700, bciTimeStamp=61, absTimeInSecs=1388534461, diff=312129239
2023-11-22 08:12:24 PM|DEBUG|1562|GOLANG-001-008|eventId2=7, eventId4=7, sequenceBlob=13:0_0_0__14:0_0_1__14:0_1_2_0___13:0_1_3_0___, entryMethodId=13:0, actualEntryPoint=
2023-11-22 08:16:06 PM|DEBUG|1563|GOLANG-001-009|btTag=10
2023-11-22 09:35:04 PM|ERROR|1590|GOLANG-009-001|Testcase name not found
2023-11-22 09:37:54 PM|ERROR|1591|GOLANG-009-001|Testcase name not found
2023-11-28 02:09:14 PM|ERROR|1628|GOLANG-009-001|Testcase name not found
2023-11-28 02:12:28 PM|ERROR|1629|GOLANG-009-001|Testcase name not found
2023-12-12 01:19:16 PM|DEBUG|1667|GOLANG-001-001|btTag=
2023-12-12 01:22:58 PM|DEBUG|1668|GOLANG-001-002|btTag=12
2023-12-12 01:22:58 PM|DEBUG|1668|GOLANG-001-002|eventId2=10, eventId4=10
2023-12-12 01:22:58 PM|DEBUG|1668|GOLANG-001-002|cputime=
2023-12-12 01:26:46 PM|DEBUG|1669|GOLANG-001-003|btTag=10
2023-12-12 01:26:46 PM|DEBUG|1669|GOLANG-001-003|eventId2=5, eventId4=5
2023-12-12 01:26:46 PM|DEBUG|1669|GOLANG-001-003|cputime=0
2023-12-12 01:30:34 PM|DEBUG|1670|GOLANG-001-004|btTag=10
2023-12-12 01:30:34 PM|DEBUG|1670|GOLANG-001-004|eventId2=6, eventId4=6
2023-12-12 01:30:34 PM|DEBUG|1670|GOLANG-001-004|cputime=
2023-12-12 01:35:48 PM|DEBUG|1671|GOLANG-001-005|btTag=10
2023-12-12 01:35:48 PM|DEBUG|1671|GOLANG-001-005|eventId2=12, eventId4=12
2023-12-12 01:35:48 PM|DEBUG|1671|GOLANG-001-005|cputime=3759608
2023-12-12 01:39:32 PM|DEBUG|1672|GOLANG-001-006|eventId2=7, eventId4=7
2023-12-12 01:39:32 PM|DEBUG|1672|GOLANG-001-006|[200 200 200 200 200 200 200]
2023-12-12 01:43:14 PM|DEBUG|1673|GOLANG-001-007|absTimeStampTest=1702368576, bciTimeStamp=57, absTimeInSecs=1388534457, diff=313834119
2023-12-12 01:47:02 PM|DEBUG|1674|GOLANG-001-008|eventId2=7, eventId4=7, sequenceBlob=11:0_0_0__12:0_0_0__12:0_1_0_0___11:0_1_42_0___, entryMethodId=11:0, actualEntryPoint=
2023-12-12 01:50:42 PM|DEBUG|1675|GOLANG-001-009|btTag=10
2023-12-12 03:00:34 PM|DEBUG|1694|GOLANG-006-001|url_filed: /metrics and correlation_filed: 
2023-12-12 03:32:08 PM|ERROR|1702|GOLANG-009-001|Testcase name not found
2023-12-12 03:35:56 PM|ERROR|1703|GOLANG-009-001|Testcase name not found
2023-12-12 03:39:42 PM|DEBUG|1704|GOLANG-011-001|eventId2=3, eventId4=3
2023-12-12 03:58:14 PM|DEBUG|1705|GOLANG-001-001|btTag=
2023-12-12 04:01:56 PM|DEBUG|1706|GOLANG-001-002|btTag=12
2023-12-12 04:01:56 PM|DEBUG|1706|GOLANG-001-002|eventId2=7, eventId4=7
2023-12-12 04:01:56 PM|DEBUG|1706|GOLANG-001-002|cputime=
2023-12-12 04:05:38 PM|DEBUG|1707|GOLANG-001-003|btTag=10
2023-12-12 04:05:38 PM|DEBUG|1707|GOLANG-001-003|eventId2=4, eventId4=4
2023-12-12 04:05:38 PM|DEBUG|1707|GOLANG-001-003|cputime=986880602
2023-12-12 04:09:20 PM|DEBUG|1708|GOLANG-001-004|btTag=10
2023-12-12 04:09:20 PM|DEBUG|1708|GOLANG-001-004|eventId2=7, eventId4=7
2023-12-12 04:09:20 PM|DEBUG|1708|GOLANG-001-004|cputime=
2023-12-12 04:13:06 PM|DEBUG|1709|GOLANG-001-005|btTag=10
2023-12-12 04:13:06 PM|DEBUG|1709|GOLANG-001-005|eventId2=7, eventId4=7
2023-12-12 04:13:06 PM|DEBUG|1709|GOLANG-001-005|cputime=13054935
2023-12-12 04:16:50 PM|DEBUG|1710|GOLANG-001-006|eventId2=7, eventId4=7
2023-12-12 04:16:50 PM|DEBUG|1710|GOLANG-001-006|[200 200 200 200 200 200 200]
2023-12-12 04:20:32 PM|DEBUG|1711|GOLANG-001-007|absTimeStampTest=1702378014, bciTimeStamp=56, absTimeInSecs=1388534456, diff=313843558
2023-12-12 04:24:16 PM|DEBUG|1712|GOLANG-001-008|eventId2=7, eventId4=7, sequenceBlob=11:0_0_0__12:0_0_0__12:0_1_20_0___11:0_1_96_0___, entryMethodId=11:0, actualEntryPoint=
2023-12-12 04:28:18 PM|DEBUG|1713|GOLANG-001-009|btTag=10
2023-12-12 05:37:46 PM|DEBUG|1732|GOLANG-006-001|url_filed: /metrics and correlation_filed: 
2023-12-12 06:10:50 PM|ERROR|1740|GOLANG-009-001|Testcase name not found
2023-12-12 06:14:32 PM|ERROR|1741|GOLANG-009-001|Testcase name not found
2023-12-12 06:18:16 PM|DEBUG|1742|GOLANG-011-001|eventId2=0, eventId4=0
